<?xml version="1.0" encoding="UTF-8"?>
<testsuite name="com.inigmasgames.hytalerpg.Stage11CompatibilityMatrixTest" tests="5" skipped="0" failures="0" errors="0" timestamp="2026-09-12T15:26:36.193Z" hostname="GRAHAM" time="3.441">
  <properties/>
  <testcase name="deterministicValidSixLinkGraphsPreserveOrderingScopeAndBudgets()" classname="com.inigmasgames.hytalerpg.Stage11CompatibilityMatrixTest" time="1.07"/>
  <testcase name="all2145PairsClassifiedAgainstAll87Skills()" classname="com.inigmasgames.hytalerpg.Stage11CompatibilityMatrixTest" time="2.276"/>
  <testcase name="lingeringNativeOrbitUsesFiniteSamplingNotDamagePulseBudget()" classname="com.inigmasgames.hytalerpg.Stage11CompatibilityMatrixTest" time="0.008"/>
  <testcase name="all5742SkillPassiveCellsHaveExplicitVerdicts()" classname="com.inigmasgames.hytalerpg.Stage11CompatibilityMatrixTest" time="0.075"/>
  <testcase name="orbitSamplingAndDamagePulseCapsRemainDistinctAndFinite()" classname="com.inigmasgames.hytalerpg.Stage11CompatibilityMatrixTest" time="0.001"/>
  <system-out><![CDATA[]]></system-out>
  <system-err><![CDATA[]]></system-err>
</testsuite>
