<?xml version="1.0" encoding="UTF-8"?>
<testsuite name="com.inigmasgames.hytalerpg.Stage13ValidationFailureDiagnosticsTest" tests="2" skipped="0" failures="0" errors="0" timestamp="2026-09-12T15:27:16.224Z" hostname="GRAHAM" time="0.004">
  <properties/>
  <testcase name="failedValidationRetainsSafeFramesAndCorrelationWithoutChargingOrDispatch()" classname="com.inigmasgames.hytalerpg.Stage13ValidationFailureDiagnosticsTest" time="0.004"/>
  <testcase name="validationDiagnosticsStayBoundedAndOmitMessagesAndFilenames()" classname="com.inigmasgames.hytalerpg.Stage13ValidationFailureDiagnosticsTest" time="0.0"/>
  <system-out><![CDATA[]]></system-out>
  <system-err><![CDATA[]]></system-err>
</testsuite>
