<?xml version="1.0" encoding="UTF-8"?>
<testsuite name="com.inigmasgames.hytalerpg.Stage08ConnectionCohortBTest" tests="20" skipped="0" failures="0" errors="0" timestamp="2026-09-12T15:26:32.737Z" hostname="GRAHAM" time="0.126">
  <properties/>
  <testcase name="chainCandidateOverflowRejectsNextWholeJump()" classname="com.inigmasgames.hytalerpg.Stage08ConnectionCohortBTest" time="0.008"/>
  <testcase name="drainDebitsTwentyFractionalSlicesAndConvertsActualLossOnce()" classname="com.inigmasgames.hytalerpg.Stage08ConnectionCohortBTest" time="0.006"/>
  <testcase name="lightningLineWaitsForCastThenHitsEachTargetOnce()" classname="com.inigmasgames.hytalerpg.Stage08ConnectionCohortBTest" time="0.004"/>
  <testcase name="drainUsesActualOverkillLimitedLossAndNeverHealsForZeroLoss()" classname="com.inigmasgames.hytalerpg.Stage08ConnectionCohortBTest" time="0.007"/>
  <testcase name="chainUsesFourDistinctTargetsAtExactOffsetsAndCoefficients()" classname="com.inigmasgames.hytalerpg.Stage08ConnectionCohortBTest" time="0.005"/>
  <testcase name="requiredTargetAbsenceRejectsBeforeCostOrCooldown()" classname="com.inigmasgames.hytalerpg.Stage08ConnectionCohortBTest" time="0.009"/>
  <testcase name="chainTieBreakIsStableAndPreviousDeathKeepsLastImpactPoint()" classname="com.inigmasgames.hytalerpg.Stage08ConnectionCohortBTest" time="0.004"/>
  <testcase name="rootLashSelectsOneClosestAimedTargetWithoutMovingIt()" classname="com.inigmasgames.hytalerpg.Stage08ConnectionCohortBTest" time="0.004"/>
  <testcase name="orbitAngularSpeedAndOwnerTranslationDriveSweptProxies()" classname="com.inigmasgames.hytalerpg.Stage08ConnectionCohortBTest" time="0.005"/>
  <testcase name="fourBladeOffsetsShareOneTargetCooldownNotFourDpsClocks()" classname="com.inigmasgames.hytalerpg.Stage08ConnectionCohortBTest" time="0.009"/>
  <testcase name="chainDoesNotRevisitOrJumpOutsideRadiusOrThroughWall()" classname="com.inigmasgames.hytalerpg.Stage08ConnectionCohortBTest" time="0.008"/>
  <testcase name="drainTracksOneTargetAndBreaksOnLosRangeOrDespawnBeforePaying()" classname="com.inigmasgames.hytalerpg.Stage08ConnectionCohortBTest" time="0.011"/>
  <testcase name="rootLashFullWidthAndLosAreUsedByAcquisition()" classname="com.inigmasgames.hytalerpg.Stage08ConnectionCohortBTest" time="0.004"/>
  <testcase name="healingCapsAtActualNativeMaximumInPortAndReportsActualGain()" classname="com.inigmasgames.hytalerpg.Stage08ConnectionCohortBTest" time="0.003"/>
  <testcase name="exactSweptSphereBoundsDoNotUseAnExpandedRectangularHitbox()" classname="com.inigmasgames.hytalerpg.Stage08ConnectionCohortBTest" time="0.001"/>
  <testcase name="exactFiveProfilesCompleteStage08WithoutExpandingCatalog()" classname="com.inigmasgames.hytalerpg.Stage08ConnectionCohortBTest" time="0.002"/>
  <testcase name="interruptedLightningWindupDoesNotCharge()" classname="com.inigmasgames.hytalerpg.Stage08ConnectionCohortBTest" time="0.004"/>
  <testcase name="conversionAppliesHealingWisdomAndIncreasedOnceWithoutSourceDamageBuckets()" classname="com.inigmasgames.hytalerpg.Stage08ConnectionCohortBTest" time="0.0"/>
  <testcase name="baseChainIsNotPermissionForProjectileChainPassive()" classname="com.inigmasgames.hytalerpg.Stage08ConnectionCohortBTest" time="0.022"/>
  <testcase name="orbitFixedSamplingRemainsStableUnderJitter()" classname="com.inigmasgames.hytalerpg.Stage08ConnectionCohortBTest" time="0.007"/>
  <system-out><![CDATA[]]></system-out>
  <system-err><![CDATA[]]></system-err>
</testsuite>
