<?xml version="1.0" encoding="UTF-8"?>
<testsuite name="com.inigmasgames.hytalerpg.Stage09GuardLedgerTest" tests="11" skipped="0" failures="0" errors="0" timestamp="2026-09-13T03:14:19.674Z" hostname="GRAHAM" time="0.034">
  <properties/>
  <testcase name="allocationHasExactlyOneToFiftyIntegerPercent()" classname="com.inigmasgames.hytalerpg.Stage09GuardLedgerTest" time="0.002"/>
  <testcase name="absorptionConsumesDeficitNotManaAndCapsDamage()" classname="com.inigmasgames.hytalerpg.Stage09GuardLedgerTest" time="0.002"/>
  <testcase name="minorHealUsesTwentyWisMasteryAndHealingBucket()" classname="com.inigmasgames.hytalerpg.Stage09GuardLedgerTest" time="0.002"/>
  <testcase name="savedLedgerDoesNotResumeAuraOrCreditOfflineTime()" classname="com.inigmasgames.hytalerpg.Stage09GuardLedgerTest" time="0.016"/>
  <testcase name="lowerAndReRaiseCapacityRetainsAllDeficit()" classname="com.inigmasgames.hytalerpg.Stage09GuardLedgerTest" time="0.002"/>
  <testcase name="rechargeUsesTenPercentOfLastValidatedCapacityEvenUnequipped()" classname="com.inigmasgames.hytalerpg.Stage09GuardLedgerTest" time="0.002"/>
  <testcase name="barrierModifiersUseActualReservedCapacity()" classname="com.inigmasgames.hytalerpg.Stage09GuardLedgerTest" time="0.002"/>
  <testcase name="invalidEvidenceCannotCreditRecharge()" classname="com.inigmasgames.hytalerpg.Stage09GuardLedgerTest" time="0.002"/>
  <testcase name="noEligibleTimeMeansNoRecharge()" classname="com.inigmasgames.hytalerpg.Stage09GuardLedgerTest" time="0.001"/>
  <testcase name="toggleLocksNeedObservedTimeAndActivationEpochsIncrease()" classname="com.inigmasgames.hytalerpg.Stage09GuardLedgerTest" time="0.002"/>
  <testcase name="baseShieldEqualsActualReservation()" classname="com.inigmasgames.hytalerpg.Stage09GuardLedgerTest" time="0.001"/>
  <system-out><![CDATA[]]></system-out>
  <system-err><![CDATA[]]></system-err>
</testsuite>
