<?xml version="1.0" encoding="UTF-8"?>
<testsuite name="com.inigmasgames.hytalerpg.Stage13NativeHealingBeamTest" tests="3" skipped="0" failures="0" errors="0" timestamp="2026-09-13T01:15:18.247Z" hostname="GRAHAM" time="0.009">
  <properties/>
  <testcase name="nativeAttachmentsEncodeEveryOffsetAndMovingSpanWithinOnePersistentComponent()" classname="com.inigmasgames.hytalerpg.Stage13NativeHealingBeamTest" time="0.006"/>
  <testcase name="installedNativeBeamAcceptsPersistentPositionAttachmentContract()" classname="com.inigmasgames.hytalerpg.Stage13NativeHealingBeamTest" time="0.001"/>
  <testcase name="productionAppearanceUsesNarrowUniformNativeEndpointsAndDedicatedAsset()" classname="com.inigmasgames.hytalerpg.Stage13NativeHealingBeamTest" time="0.002"/>
  <system-out><![CDATA[]]></system-out>
  <system-err><![CDATA[]]></system-err>
</testsuite>
