<?xml version="1.0" encoding="UTF-8"?>
<testsuite name="com.inigmasgames.hytalerpg.CatalogAndSlotTest" tests="2" skipped="0" failures="0" errors="0" timestamp="2026-09-12T14:27:52.278Z" hostname="GRAHAM" time="0.034">
  <properties/>
  <testcase name="allPermanentSlotParsersAreExactAndBounded()" classname="com.inigmasgames.hytalerpg.CatalogAndSlotTest" time="0.002"/>
  <testcase name="canonicalCatalogLoadsAndResolvesFormattingWithoutGuessing()" classname="com.inigmasgames.hytalerpg.CatalogAndSlotTest" time="0.032"/>
  <system-out><![CDATA[]]></system-out>
  <system-err><![CDATA[]]></system-err>
</testsuite>
