<?xml version="1.0" encoding="UTF-8"?>
<testsuite name="com.inigmasgames.hytalerpg.Stage13LifecycleEdgeHandoffTest" tests="3" skipped="0" failures="0" errors="0" timestamp="2026-09-12T14:28:25.040Z" hostname="GRAHAM" time="0.385">
  <properties/>
  <testcase name="exclusionIsImmediateIdempotentAndItsDurableReceiptOutlivesRemoval()" classname="com.inigmasgames.hytalerpg.Stage13LifecycleEdgeHandoffTest" time="0.057"/>
  <testcase name="capacityRejectsBeforeWatermarkMutationAndShutdownCanDrainOnlyOffOwner()" classname="com.inigmasgames.hytalerpg.Stage13LifecycleEdgeHandoffTest" time="0.042"/>
  <testcase name="twoWorldsShareOneEightAttemptOneSecondDeliveryBudget()" classname="com.inigmasgames.hytalerpg.Stage13LifecycleEdgeHandoffTest" time="0.286"/>
  <system-out><![CDATA[]]></system-out>
  <system-err><![CDATA[]]></system-err>
</testsuite>
