<?xml version="1.0" encoding="UTF-8"?>
<testsuite name="com.inigmasgames.hytalerpg.Stage13DurabilityLoadTest" tests="1" skipped="0" failures="0" errors="0" timestamp="2026-09-12T14:28:14.562Z" hostname="GRAHAM" time="0.418">
  <properties/>
  <testcase name="fourActorSixteenVictimDurableContributionLoadIsMeasuredAndRestores()" classname="com.inigmasgames.hytalerpg.Stage13DurabilityLoadTest" time="0.418"/>
  <system-out><![CDATA[STAGE13_DURABILITY_LOAD {"scope":"REAL_FILE_ENCOUNTER_CONTRIBUTIONS_ONLY_NOT_NATIVE_TICK_PROOF","actors":4,"victims":16,"updatesPerSample":64,"samples":60,"p50Ms":4.3757,"p95Ms":8.0894,"p99Ms":25.3328,"targetP95Ms":4,"targetP99Ms":8,"withinNominalRpgTickBudget":false,"connectedProof":false,"restoredContributorCounts":true,"nativePhysicsAiNetworkRenderingMeasured":false,"persistenceTimings":{"JOURNAL_APPEND":{"totalMs":8.5346,"count":119,"p50Ms":0.1059,"p95Ms":0.1536,"maxMs":0.2303,"retainedSamples":119,"p99Ms":0.174},"JOURNAL_FORCE":{"totalMs":221.3242,"count":119,"p50Ms":1.8598,"p95Ms":1.9166,"maxMs":1.9424,"retainedSamples":119,"p99Ms":1.9347},"CHECKPOINT_SERIALIZATION":{"totalMs":6.4591,"count":3,"p50Ms":2.0539,"p95Ms":2.6536,"maxMs":2.6536,"retainedSamples":3,"p99Ms":2.6536},"CHECKPOINT_WRITE":{"totalMs":1.7219,"count":6,"p50Ms":0.2543,"p95Ms":0.4004,"maxMs":0.4004,"retainedSamples":6,"p99Ms":0.4004},"CHECKPOINT_FORCE":{"totalMs":22.4916,"count":9,"p50Ms":1.9076,"p95Ms":3.709,"maxMs":3.709,"retainedSamples":9,"p99Ms":3.709},"GROUP_WAIT":{"totalMs":8663.8828,"count":3840,"p50Ms":1.833,"p95Ms":5.3627,"maxMs":9.7313,"retainedSamples":3840,"p99Ms":8.3165},"DURABLE_ACK":{"totalMs":18068.9431,"count":3840,"p50Ms":4.0922,"p95Ms":7.7513,"maxMs":19.7348,"retainedSamples":3840,"p99Ms":18.8436},"CHECKPOINT_QUEUE":{"totalMs":1.0117,"count":3,"p50Ms":0.0484,"p95Ms":0.9189,"maxMs":0.9189,"retainedSamples":3,"p99Ms":0.9189},"CHECKPOINT_SCHEDULING":{"totalMs":0.8252,"count":3,"p50Ms":0.0257,"p95Ms":0.776,"maxMs":0.776,"retainedSamples":3,"p99Ms":0.776},"CHECKPOINT_ROTATION":{"totalMs":0.05,"count":3,"p50Ms":0.0081,"p95Ms":0.0342,"maxMs":0.0342,"retainedSamples":3,"p99Ms":0.0342},"CHECKPOINT_BACKPRESSURE":{"totalMs":0.0272,"count":3,"p50Ms":0.0035,"p95Ms":0.0202,"maxMs":0.0202,"retainedSamples":3,"p99Ms":0.0202},"GROUP_CPU":{"totalMs":46.875,"count":119,"p50Ms":0.0,"p95Ms":0.0,"maxMs":15.625,"retainedSamples":119,"p99Ms":15.625},"GROUP_WALL":{"totalMs":276.7083,"count":119,"p50Ms":2.1203,"p95Ms":3.7949,"maxMs":9.9622,"retainedSamples":119,"p99Ms":5.5819},"ENCODE_VALIDATE":{"totalMs":16.3532,"count":119,"p50Ms":0.0772,"p95Ms":0.2185,"maxMs":6.0343,"retainedSamples":119,"p99Ms":0.519},"FOREGROUND_BARRIER_WAIT":{"totalMs":22.1051,"count":119,"p50Ms":0.0037,"p95Ms":1.8455,"maxMs":3.6398,"retainedSamples":119,"p99Ms":3.614},"MAINTENANCE_BARRIER_WAIT":{"totalMs":44.0084,"count":9,"p50Ms":4.0205,"p95Ms":10.3015,"maxMs":10.3015,"retainedSamples":9,"p99Ms":10.3015},"SUCCESSOR_PREPARATION":{"totalMs":21.4201,"count":3,"p50Ms":5.0929,"p95Ms":11.4062,"maxMs":11.4062,"retainedSamples":3,"p99Ms":11.4062},"SUCCESSOR_ACTIVATION":{"totalMs":0.2076,"count":3,"p50Ms":0.0588,"p95Ms":0.0948,"maxMs":0.0948,"retainedSamples":3,"p99Ms":0.0948},"PREPARED_WAIT":{"totalMs":0.0048,"count":3,"p50Ms":0.0015,"p95Ms":0.0022,"maxMs":0.0022,"retainedSamples":3,"p99Ms":0.0022},"FORCE_TO_COMPLETION":{"totalMs":568.3073,"count":3840,"p50Ms":0.1299,"p95Ms":0.3243,"maxMs":1.1916,"retainedSamples":3840,"p99Ms":0.5515},"PRECOMMIT_VALIDATION":{"totalMs":2.5767,"count":119,"p50Ms":0.011,"p95Ms":0.0182,"maxMs":1.5507,"retainedSamples":119,"p99Ms":0.047},"SEALED_OPERATION_TO_FORCE":{"totalMs":17513.984,"count":3840,"p50Ms":3.9846,"p95Ms":7.6226,"maxMs":19.6418,"retainedSamples":3840,"p99Ms":18.227}},"grouping":{"maxCheckpointBacklog":1,"bytesPerGroup":{"130":24,"260":35,"8060":35,"8190":24,"8320":1},"maxPendingOperations":64,"recordsPerGroup":{"1":24,"2":35,"62":35,"63":24,"64":1},"admissionRejections":0,"maxPendingRecords":64},"forcesPerSample":[1,2,2,2,2,2,2,2,2,2,2,2,2,2,2,2,2,2,2,2,2,2,2,2,2,2,2,2,2,2,2,2,2,2,2,2,2,2,2,2,2,2,2,2,2,2,2,2,2,2,2,2,2,2,2,2,2,2,2,2],"orderedSamplesMs":[25.3328,5.0454,4.9399,5.2554,4.9394,4.4864,4.6396,4.3693,4.4504,4.7657,4.4035,4.3082,4.3323,4.3277,4.2363,4.3326,6.4026,6.4472,6.2274,8.1599,4.4595,4.24,4.2758,4.3586,4.2273,4.3757,4.3268,4.42,4.4774,4.498,4.3057,4.3196,4.8646,6.2006,6.3056,8.2667,4.311,4.3808,4.3666,4.3887,4.295,4.2889,4.2055,4.3102,4.2153,4.2694,4.2789,4.4798,4.9744,6.4652,6.2905,8.0894,4.5047,4.1528,4.23,4.2711,4.2202,4.2726,4.3268,4.2734],"barriers":{"forceEvents":[{"writerSuspended":false,"queuedOperations":64,"kind":"FOREGROUND"},{"writerSuspended":false,"queuedOperations":4,"kind":"FOREGROUND"},{"writerSuspended":false,"queuedOperations":63,"kind":"FOREGROUND"},{"writerSuspended":false,"queuedOperations":4,"kind":"FOREGROUND"},{"writerSuspended":false,"queuedOperations":63,"kind":"FOREGROUND"},{"writerSuspended":false,"queuedOperations":13,"kind":"FOREGROUND"},{"writerSuspended":false,"queuedOperations":63,"kind":"FOREGROUND"},{"writerSuspended":false,"queuedOperations":9,"kind":"FOREGROUND"},{"writerSuspended":false,"queuedOperations":63,"kind":"FOREGROUND"},{"writerSuspended":false,"queuedOperations":4,"kind":"FOREGROUND"},{"writerSuspended":false,"queuedOperations":63,"kind":"FOREGROUND"},{"writerSuspended":false,"queuedOperations":1,"kind":"FOREGROUND"},{"writerSuspended":false,"queuedOperations":63,"kind":"FOREGROUND"},{"writerSuspended":false,"queuedOperations":14,"kind":"FOREGROUND"},{"writerSuspended":false,"queuedOperations":63,"kind":"FOREGROUND"},{"writerSuspended":false,"queuedOperations":1,"kind":"FOREGROUND"},{"writerSuspended":false,"queuedOperations":63,"kind":"FOREGROUND"},{"writerSuspended":false,"queuedOperations":7,"kind":"FOREGROUND"},{"writerSuspended":false,"queuedOperations":62,"kind":"FOREGROUND"},{"writerSuspended":false,"queuedOperations":12,"kind":"FOREGROUND"},{"writerSuspended":false,"queuedOperations":62,"kind":"FOREGROUND"},{"writerSuspended":false,"queuedOperations":8,"kind":"FOREGROUND"},{"writerSuspended":false,"queuedOperations":62,"kind":"FOREGROUND"},{"writerSuspended":false,"queuedOperations":7,"kind":"FOREGROUND"},{"writerSuspended":false,"queuedOperations":62,"kind":"FOREGROUND"},{"writerSuspended":false,"queuedOperations":7,"kind":"FOREGROUND"},{"writerSuspended":false,"queuedOperations":62,"kind":"FOREGROUND"},{"writerSuspended":false,"queuedOperations":9,"kind":"FOREGROUND"},{"writerSuspended":false,"queuedOperations":62,"kind":"FOREGROUND"},{"writerSuspended":false,"queuedOperations":12,"kind":"FOREGROUND"},{"writerSuspended":false,"queuedOperations":63,"kind":"FOREGROUND"},{"writerSuspended":false,"queuedOperations":64,"kind":"FOREGROUND"},{"writerSuspended":false,"queuedOperations":62,"kind":"FOREGROUND"},{"writerSuspended":false,"queuedOperations":0,"kind":"BUNDLE"},{"writerSuspended":false,"queuedOperations":64,"kind":"FOREGROUND"},{"writerSuspended":false,"queuedOperations":63,"kind":"FOREGROUND"},{"writerSuspended":false,"queuedOperations":0,"kind":"PREPARATION"},{"writerSuspended":false,"queuedOperations":64,"kind":"FOREGROUND"},{"writerSuspended":false,"queuedOperations":62,"kind":"FOREGROUND"},{"writerSuspended":false,"queuedOperations":0,"kind":"MANIFEST"},{"writerSuspended":false,"queuedOperations":64,"kind":"FOREGROUND"},{"writerSuspended":false,"queuedOperations":63,"kind":"FOREGROUND"},{"writerSuspended":false,"queuedOperations":6,"kind":"FOREGROUND"},{"writerSuspended":false,"queuedOperations":63,"kind":"FOREGROUND"},{"writerSuspended":false,"queuedOperations":14,"kind":"FOREGROUND"},{"writerSuspended":false,"queuedOperations":62,"kind":"FOREGROUND"},{"writerSuspended":false,"queuedOperations":7,"kind":"FOREGROUND"},{"writerSuspended":false,"queuedOperations":62,"kind":"FOREGROUND"},{"writerSuspended":false,"queuedOperations":14,"kind":"FOREGROUND"},{"writerSuspended":false,"queuedOperations":62,"kind":"FOREGROUND"},{"writerSuspended":false,"queuedOperations":6,"kind":"FOREGROUND"},{"writerSuspended":false,"queuedOperations":62,"kind":"FOREGROUND"},{"writerSuspended":false,"queuedOperations":9,"kind":"FOREGROUND"},{"writerSuspended":false,"queuedOperations":62,"kind":"FOREGROUND"},{"writerSuspended":false,"queuedOperations":13,"kind":"FOREGROUND"},{"writerSuspended":false,"queuedOperations":62,"kind":"FOREGROUND"},{"writerSuspended":false,"queuedOperations":11,"kind":"FOREGROUND"},{"writerSuspended":false,"queuedOperations":62,"kind":"FOREGROUND"},{"writerSuspended":false,"queuedOperations":13,"kind":"FOREGROUND"},{"writerSuspended":false,"queuedOperations":62,"kind":"FOREGROUND"},{"writerSuspended":false,"queuedOperations":9,"kind":"FOREGROUND"},{"writerSuspended":false,"queuedOperations":62,"kind":"FOREGROUND"},{"writerSuspended":false,"queuedOperations":10,"kind":"FOREGROUND"},{"writerSuspended":false,"queuedOperations":62,"kind":"FOREGROUND"},{"writerSuspended":false,"queuedOperations":5,"kind":"FOREGROUND"},{"writerSuspended":false,"queuedOperations":63,"kind":"FOREGROUND"},{"writerSuspended":false,"queuedOperations":42,"kind":"FOREGROUND"},{"writerSuspended":false,"queuedOperations":62,"kind":"FOREGROUND"},{"writerSuspended":false,"queuedOperations":0,"kind":"PREPARATION"},{"writerSuspended":false,"queuedOperations":64,"kind":"FOREGROUND"},{"writerSuspended":false,"queuedOperations":63,"kind":"FOREGROUND"},{"writerSuspended":false,"queuedOperations":0,"kind":"BUNDLE"},{"writerSuspended":false,"queuedOperations":64,"kind":"FOREGROUND"},{"writerSuspended":false,"queuedOperations":63,"kind":"FOREGROUND"},{"writerSuspended":false,"queuedOperations":0,"kind":"MANIFEST"},{"writerSuspended":false,"queuedOperations":64,"kind":"FOREGROUND"},{"writerSuspended":false,"queuedOperations":63,"kind":"FOREGROUND"},{"writerSuspended":false,"queuedOperations":12,"kind":"FOREGROUND"},{"writerSuspended":false,"queuedOperations":62,"kind":"FOREGROUND"},{"writerSuspended":false,"queuedOperations":11,"kind":"FOREGROUND"},{"writerSuspended":false,"queuedOperations":62,"kind":"FOREGROUND"},{"writerSuspended":false,"queuedOperations":16,"kind":"FOREGROUND"},{"writerSuspended":false,"queuedOperations":62,"kind":"FOREGROUND"},{"writerSuspended":false,"queuedOperations":13,"kind":"FOREGROUND"},{"writerSuspended":false,"queuedOperations":62,"kind":"FOREGROUND"},{"writerSuspended":false,"queuedOperations":7,"kind":"FOREGROUND"},{"writerSuspended":false,"queuedOperations":63,"kind":"FOREGROUND"},{"writerSuspended":false,"queuedOperations":11,"kind":"FOREGROUND"},{"writerSuspended":false,"queuedOperations":63,"kind":"FOREGROUND"},{"writerSuspended":false,"queuedOperations":7,"kind":"FOREGROUND"},{"writerSuspended":false,"queuedOperations":63,"kind":"FOREGROUND"},{"writerSuspended":false,"queuedOperations":5,"kind":"FOREGROUND"},{"writerSuspended":false,"queuedOperations":63,"kind":"FOREGROUND"},{"writerSuspended":false,"queuedOperations":11,"kind":"FOREGROUND"},{"writerSuspended":false,"queuedOperations":62,"kind":"FOREGROUND"},{"writerSuspended":false,"queuedOperations":10,"kind":"FOREGROUND"},{"writerSuspended":false,"queuedOperations":62,"kind":"FOREGROUND"},{"writerSuspended":false,"queuedOperations":6,"kind":"FOREGROUND"},{"writerSuspended":false,"queuedOperations":63,"kind":"FOREGROUND"},{"writerSuspended":false,"queuedOperations":14,"kind":"FOREGROUND"},{"writerSuspended":false,"queuedOperations":62,"kind":"FOREGROUND"},{"writerSuspended":false,"queuedOperations":59,"kind":"FOREGROUND"},{"writerSuspended":false,"queuedOperations":62,"kind":"FOREGROUND"},{"writerSuspended":false,"queuedOperations":0,"kind":"PREPARATION"},{"writerSuspended":false,"queuedOperations":64,"kind":"FOREGROUND"},{"writerSuspended":false,"queuedOperations":63,"kind":"FOREGROUND"},{"writerSuspended":false,"queuedOperations":0,"kind":"BUNDLE"},{"writerSuspended":false,"queuedOperations":64,"kind":"FOREGROUND"},{"writerSuspended":false,"queuedOperations":63,"kind":"FOREGROUND"},{"writerSuspended":false,"queuedOperations":0,"kind":"MANIFEST"},{"writerSuspended":false,"queuedOperations":64,"kind":"FOREGROUND"},{"writerSuspended":false,"queuedOperations":62,"kind":"FOREGROUND"},{"writerSuspended":false,"queuedOperations":24,"kind":"FOREGROUND"},{"writerSuspended":false,"queuedOperations":62,"kind":"FOREGROUND"},{"writerSuspended":false,"queuedOperations":9,"kind":"FOREGROUND"},{"writerSuspended":false,"queuedOperations":62,"kind":"FOREGROUND"},{"writerSuspended":false,"queuedOperations":11,"kind":"FOREGROUND"},{"writerSuspended":false,"queuedOperations":62,"kind":"FOREGROUND"},{"writerSuspended":false,"queuedOperations":9,"kind":"FOREGROUND"},{"writerSuspended":false,"queuedOperations":62,"kind":"FOREGROUND"},{"writerSuspended":false,"queuedOperations":8,"kind":"FOREGROUND"},{"writerSuspended":false,"queuedOperations":63,"kind":"FOREGROUND"},{"writerSuspended":false,"queuedOperations":8,"kind":"FOREGROUND"},{"writerSuspended":false,"queuedOperations":62,"kind":"FOREGROUND"},{"writerSuspended":false,"queuedOperations":24,"kind":"FOREGROUND"},{"writerSuspended":false,"queuedOperations":62,"kind":"FOREGROUND"},{"writerSuspended":false,"queuedOperations":9,"kind":"FOREGROUND"},{"writerSuspended":false,"queuedOperations":62,"kind":"FOREGROUND"}],"overlapAttempts":18,"forcesByClass":{"FOREGROUND":119,"PREPARATION":3,"BUNDLE":3,"MANIFEST":3}},"version2":{"preparedMisses":0,"dequeuedCommitBatches":[{"forces":1,"records":64},{"forces":1,"records":1},{"forces":1,"records":63},{"forces":1,"records":1},{"forces":1,"records":63},{"forces":1,"records":1},{"forces":1,"records":63},{"forces":1,"records":1},{"forces":1,"records":63},{"forces":1,"records":1},{"forces":1,"records":63},{"forces":1,"records":1},{"forces":1,"records":63},{"forces":1,"records":1},{"forces":1,"records":63},{"forces":1,"records":1},{"forces":1,"records":63},{"forces":1,"records":2},{"forces":1,"records":62},{"forces":1,"records":2},{"forces":1,"records":62},{"forces":1,"records":2},{"forces":1,"records":62},{"forces":1,"records":2},{"forces":1,"records":62},{"forces":1,"records":2},{"forces":1,"records":62},{"forces":1,"records":2},{"forces":1,"records":62},{"forces":1,"records":1},{"forces":1,"records":63},{"forces":1,"records":2},{"forces":1,"records":62},{"forces":1,"records":1},{"forces":1,"records":63},{"forces":1,"records":2},{"forces":1,"records":62},{"forces":1,"records":1},{"forces":1,"records":63},{"forces":1,"records":1},{"forces":1,"records":63},{"forces":1,"records":2},{"forces":1,"records":62},{"forces":1,"records":2},{"forces":1,"records":62},{"forces":1,"records":2},{"forces":1,"records":62},{"forces":1,"records":2},{"forces":1,"records":62},{"forces":1,"records":2},{"forces":1,"records":62},{"forces":1,"records":2},{"forces":1,"records":62},{"forces":1,"records":2},{"forces":1,"records":62},{"forces":1,"records":2},{"forces":1,"records":62},{"forces":1,"records":2},{"forces":1,"records":62},{"forces":1,"records":2},{"forces":1,"records":62},{"forces":1,"records":1},{"forces":1,"records":63},{"forces":1,"records":2},{"forces":1,"records":62},{"forces":1,"records":1},{"forces":1,"records":63},{"forces":1,"records":1},{"forces":1,"records":63},{"forces":1,"records":1},{"forces":1,"records":63},{"forces":1,"records":2},{"forces":1,"records":62},{"forces":1,"records":2},{"forces":1,"records":62},{"forces":1,"records":2},{"forces":1,"records":62},{"forces":1,"records":2},{"forces":1,"records":62},{"forces":1,"records":1},{"forces":1,"records":63},{"forces":1,"records":1},{"forces":1,"records":63},{"forces":1,"records":1},{"forces":1,"records":63},{"forces":1,"records":1},{"forces":1,"records":63},{"forces":1,"records":2},{"forces":1,"records":62},{"forces":1,"records":2},{"forces":1,"records":62},{"forces":1,"records":1},{"forces":1,"records":63},{"forces":1,"records":2},{"forces":1,"records":62},{"forces":1,"records":2},{"forces":1,"records":62},{"forces":1,"records":1},{"forces":1,"records":63},{"forces":1,"records":1},{"forces":1,"records":63},{"forces":1,"records":2},{"forces":1,"records":62},{"forces":1,"records":2},{"forces":1,"records":62},{"forces":1,"records":2},{"forces":1,"records":62},{"forces":1,"records":2},{"forces":1,"records":62},{"forces":1,"records":2},{"forces":1,"records":62},{"forces":1,"records":1},{"forces":1,"records":63},{"forces":1,"records":2},{"forces":1,"records":62},{"forces":1,"records":2},{"forces":1,"records":62},{"forces":1,"records":2},{"forces":1,"records":62}],"bundleCount":3,"sealedOperationSizes":{"1":3840},"bundleBytes":43332},"collectionWindowNanos":0,"sharedGameplayEpoch":false,"journalState":{"activeRecords":768,"durableSequence":3840,"format":2,"preallocated":true,"preparedReady":true,"activeFirst":3073,"checkpointGeneration":3,"active":"2949006d-2898-4018-bd78-11aa8d033aec","checkpointThrough":3072,"extentBytes":16781456},"sampleEndsAfterAll64DurableAcknowledgements":true,"checkpointWorkerConcurrentWithSamples":true,"finalCheckpointDrainMs":0.0079,"journalForcePer64UpdateSampleMs":{"p95":3.7791,"p99":3.8527,"p50":3.7144}}
]]></system-out>
  <system-err><![CDATA[]]></system-err>
</testsuite>
