<?xml version="1.0" encoding="UTF-8"?>
<testsuite name="com.inigmasgames.hytalerpg.Stage13EncounterJournalTest" tests="26" skipped="0" failures="0" errors="0" timestamp="2026-09-12T14:28:14.981Z" hostname="GRAHAM" time="8.918">
  <properties/>
  <testcase name="lockIsHeldBetweenOperationsAndReleasedOnlyOnClose()" classname="com.inigmasgames.hytalerpg.Stage13EncounterJournalTest" time="0.016"/>
  <testcase name="fullDeathQueueRejectsBeforeLedgerFreezeAndCanRetryAfterDrain()" classname="com.inigmasgames.hytalerpg.Stage13EncounterJournalTest" time="2.868"/>
  <testcase name="periodicCheckpointRetiresOnlyFullyCoveredJournalAndUsesOriginalSnapshotEnvelope()" classname="com.inigmasgames.hytalerpg.Stage13EncounterJournalTest" time="2.07"/>
  <testcase name="acceptedDeltaIsForcedCompactAndDoesNotRewriteTheSnapshot()" classname="com.inigmasgames.hytalerpg.Stage13EncounterJournalTest" time="0.023"/>
  <testcase name="actualClosedChannelWriteFailureFreezesUntilRestart()" classname="com.inigmasgames.hytalerpg.Stage13EncounterJournalTest" time="0.02"/>
  <testcase name="nestedAdmissionRejectsBeforeAnyRuntimeCreditOrWatermarkMutation()" classname="com.inigmasgames.hytalerpg.Stage13EncounterJournalTest" time="0.019"/>
  <testcase name="[1] AFTER_APPEND" classname="com.inigmasgames.hytalerpg.Stage13EncounterJournalTest" time="0.268"/>
  <testcase name="[2] AFTER_FORCE" classname="com.inigmasgames.hytalerpg.Stage13EncounterJournalTest" time="0.267"/>
  <testcase name="[3] AFTER_CHECKPOINT_FILE" classname="com.inigmasgames.hytalerpg.Stage13EncounterJournalTest" time="0.273"/>
  <testcase name="[4] AFTER_CHECKPOINT_POINTER" classname="com.inigmasgames.hytalerpg.Stage13EncounterJournalTest" time="0.273"/>
  <testcase name="[5] AFTER_CHECKPOINTS" classname="com.inigmasgames.hytalerpg.Stage13EncounterJournalTest" time="0.277"/>
  <testcase name="[6] AFTER_ROTATION" classname="com.inigmasgames.hytalerpg.Stage13EncounterJournalTest" time="0.275"/>
  <testcase name="[7] AFTER_FLOOR" classname="com.inigmasgames.hytalerpg.Stage13EncounterJournalTest" time="0.28"/>
  <testcase name="[1] torn" classname="com.inigmasgames.hytalerpg.Stage13EncounterJournalTest" time="0.02"/>
  <testcase name="[2] checksum" classname="com.inigmasgames.hytalerpg.Stage13EncounterJournalTest" time="0.021"/>
  <testcase name="[3] sequence" classname="com.inigmasgames.hytalerpg.Stage13EncounterJournalTest" time="0.02"/>
  <testcase name="[4] duplicate" classname="com.inigmasgames.hytalerpg.Stage13EncounterJournalTest" time="0.021"/>
  <testcase name="[5] missing" classname="com.inigmasgames.hytalerpg.Stage13EncounterJournalTest" time="0.019"/>
  <testcase name="[1] AFTER_APPEND" classname="com.inigmasgames.hytalerpg.Stage13EncounterJournalTest" time="0.041"/>
  <testcase name="[2] AFTER_FORCE" classname="com.inigmasgames.hytalerpg.Stage13EncounterJournalTest" time="0.045"/>
  <testcase name="[3] AFTER_CHECKPOINT_FILE" classname="com.inigmasgames.hytalerpg.Stage13EncounterJournalTest" time="0.045"/>
  <testcase name="[4] AFTER_CHECKPOINT_POINTER" classname="com.inigmasgames.hytalerpg.Stage13EncounterJournalTest" time="0.04"/>
  <testcase name="[5] AFTER_CHECKPOINTS" classname="com.inigmasgames.hytalerpg.Stage13EncounterJournalTest" time="0.524"/>
  <testcase name="[6] AFTER_ROTATION" classname="com.inigmasgames.hytalerpg.Stage13EncounterJournalTest" time="0.045"/>
  <testcase name="[7] AFTER_FLOOR" classname="com.inigmasgames.hytalerpg.Stage13EncounterJournalTest" time="0.045"/>
  <testcase name="replayPreservesCreditReplacementsExclusionsAndExpiredFarmWatermarks()" classname="com.inigmasgames.hytalerpg.Stage13EncounterJournalTest" time="1.095"/>
  <system-out><![CDATA[]]></system-out>
  <system-err><![CDATA[]]></system-err>
</testsuite>
