<?xml version="1.0" encoding="UTF-8"?>
<testsuite name="com.inigmasgames.hytalerpg.progress.Stage13V2RecoveryEdgesTest" tests="7" skipped="0" failures="0" errors="0" timestamp="2026-09-12T14:29:02.845Z" hostname="GRAHAM" time="1.247">
  <properties/>
  <testcase name="actualArchivedHRejectsV2AndCoordinatedLegacyCopyRemainsReadable()" classname="com.inigmasgames.hytalerpg.progress.Stage13V2RecoveryEdgesTest" time="0.11"/>
  <testcase name="maximumDeltaFramesStayInsideDerivedExtentAndByteRolloversRemainBounded()" classname="com.inigmasgames.hytalerpg.progress.Stage13V2RecoveryEdgesTest" time="0.451"/>
  <testcase name="failedAuthorityWriteRequiresRestartAndDoesNotPermitLaterContributions()" classname="com.inigmasgames.hytalerpg.progress.Stage13V2RecoveryEdgesTest" time="0.032"/>
  <testcase name="checkpointWorkerBacklogBackpressuresBeforeThirdEpochAndEventuallyProgresses()" classname="com.inigmasgames.hytalerpg.progress.Stage13V2RecoveryEdgesTest" time="0.245"/>
  <testcase name="[1] 1" classname="com.inigmasgames.hytalerpg.progress.Stage13V2RecoveryEdgesTest" time="0.186"/>
  <testcase name="[2] 3" classname="com.inigmasgames.hytalerpg.progress.Stage13V2RecoveryEdgesTest" time="0.189"/>
  <testcase name="malformedNonzeroPreparedTailIsNeverSilentlyDiscarded()" classname="com.inigmasgames.hytalerpg.progress.Stage13V2RecoveryEdgesTest" time="0.031"/>
  <system-out><![CDATA[]]></system-out>
  <system-err><![CDATA[]]></system-err>
</testsuite>
