<?xml version="1.0" encoding="UTF-8"?>
<testsuite name="com.inigmasgames.hytalerpg.diagnostics.Stage13BoundedTraceTest" tests="8" skipped="0" failures="0" errors="0" timestamp="2026-09-12T13:37:26.552Z" hostname="GRAHAM" time="0.492">
  <properties/>
  <testcase name="stalledDiskCannotCreateAnUnboundedQueueOrRunIoOnTheProducer()" classname="com.inigmasgames.hytalerpg.diagnostics.Stage13BoundedTraceTest" time="0.013"/>
  <testcase name="serializationSafetyLimitIsExplicitAndTheNextRecordCarriesAGap()" classname="com.inigmasgames.hytalerpg.diagnostics.Stage13BoundedTraceTest" time="0.336"/>
  <testcase name="fileFailureIsCountedAndCannotThrowIntoGameplay()" classname="com.inigmasgames.hytalerpg.diagnostics.Stage13BoundedTraceTest" time="0.003"/>
  <testcase name="closedWriterRejectsInsteadOfSilentlyAcceptingUndrainableTasks()" classname="com.inigmasgames.hytalerpg.diagnostics.Stage13BoundedTraceTest" time="0.002"/>
  <testcase name="orderedAcceptedRecordsRetainAllCorrelationFields()" classname="com.inigmasgames.hytalerpg.diagnostics.Stage13BoundedTraceTest" time="0.007"/>
  <testcase name="invalidConfigurationCannotCreateUnboundedBudgets()" classname="com.inigmasgames.hytalerpg.diagnostics.Stage13BoundedTraceTest" time="0.002"/>
  <testcase name="rotationPreservesEveryWholeLineInOrderAndRetainsAllArchives()" classname="com.inigmasgames.hytalerpg.diagnostics.Stage13BoundedTraceTest" time="0.096"/>
  <testcase name="oneLegalEventMayExceedSegmentThresholdWithoutBeingSplit()" classname="com.inigmasgames.hytalerpg.diagnostics.Stage13BoundedTraceTest" time="0.032"/>
  <system-out><![CDATA[]]></system-out>
  <system-err><![CDATA[]]></system-err>
</testsuite>
