<?xml version="1.0" encoding="UTF-8"?>
<testsuite name="com.inigmasgames.hytalerpg.Stage13EncounterNativeHandoffTest" tests="2" skipped="0" failures="0" errors="0" timestamp="2026-09-11T23:45:29.289Z" hostname="GRAHAM" time="0.143">
  <properties/>
  <testcase name="heldRealForceDoesNotBlockProductionDamageDeathDeliveryDetachOrPlayerRead()" classname="com.inigmasgames.hytalerpg.Stage13EncounterNativeHandoffTest" time="0.095"/>
  <testcase name="heldContextAuthorityLoadRetainsDamageAndDeathAcrossRemoval()" classname="com.inigmasgames.hytalerpg.Stage13EncounterNativeHandoffTest" time="0.048"/>
  <system-out><![CDATA[]]></system-out>
  <system-err><![CDATA[]]></system-err>
</testsuite>
