<?xml version="1.0" encoding="UTF-8"?>
<testsuite name="com.inigmasgames.hytalerpg.Stage13NativeBasicPathTest" tests="3" skipped="0" failures="0" errors="0" timestamp="2026-09-12T15:27:53.270Z" hostname="GRAHAM" time="0.023">
  <properties/>
  <testcase name="nativeStaminaFailureBranchCannotBecomeChargedRecovery()" classname="com.inigmasgames.hytalerpg.Stage13NativeBasicPathTest" time="0.022"/>
  <testcase name="ambiguousSharedDamagePathAndOnHitDamageBranchesCannotMintBasicReceipts()" classname="com.inigmasgames.hytalerpg.Stage13NativeBasicPathTest" time="0.001"/>
  <testcase name="nativeChargingZeroBranchSupersedesOuterHeldThreshold()" classname="com.inigmasgames.hytalerpg.Stage13NativeBasicPathTest" time="0.0"/>
  <system-out><![CDATA[]]></system-out>
  <system-err><![CDATA[]]></system-err>
</testsuite>
