<?xml version="1.0" encoding="UTF-8"?>
<testsuite name="com.inigmasgames.hytalerpg.Stage13PresentationABTest" tests="9" skipped="0" failures="0" errors="0" timestamp="2026-09-12T16:31:03.130Z" hostname="GRAHAM" time="0.029">
  <properties/>
  <testcase name="blizzardCooldownUsesTheCompiledAreaLifetimeWithoutRecoveryShortening()" classname="com.inigmasgames.hytalerpg.Stage13PresentationABTest" time="0.007"/>
  <testcase name="endpointMotionCreatesBoundedOpposingLagThenCriticallyDampsToStraight()" classname="com.inigmasgames.hytalerpg.Stage13PresentationABTest" time="0.002"/>
  <testcase name="healingTetherUsesTheShippedBasicBeamAfterConnectedCustomTextureFailure()" classname="com.inigmasgames.hytalerpg.Stage13PresentationABTest" time="0.001"/>
  <testcase name="branchesOwnIndependentMotionHistoryAndAbruptReversalStaysBounded()" classname="com.inigmasgames.hytalerpg.Stage13PresentationABTest" time="0.0"/>
  <testcase name="blizzardThreeSecondProfileCannotBeRecastDuringItsActiveLifetime()" classname="com.inigmasgames.hytalerpg.Stage13PresentationABTest" time="0.009"/>
  <testcase name="sweepUsesAuthoritativeRemainingRatherThanAnotherTimer()" classname="com.inigmasgames.hytalerpg.Stage13PresentationABTest" time="0.0"/>
  <testcase name="stationaryTetherIsPerfectlyStraightAndPinsBothEndpoints()" classname="com.inigmasgames.hytalerpg.Stage13PresentationABTest" time="0.0"/>
  <testcase name="nativeRadialDocumentHasOnlyTwoReadOnlyOverlaysAndNoResourceControls()" classname="com.inigmasgames.hytalerpg.Stage13PresentationABTest" time="0.001"/>
  <testcase name="snowPacketBeginsAtRootAndBoundsEmissionPlusParticleTailByRemainingLifetime()" classname="com.inigmasgames.hytalerpg.Stage13PresentationABTest" time="0.008"/>
  <system-out><![CDATA[]]></system-out>
  <system-err><![CDATA[]]></system-err>
</testsuite>
