<?xml version="1.0" encoding="UTF-8"?>
<testsuite name="com.inigmasgames.hytalerpg.Stage13NativeCooldownHandoffTest" tests="4" skipped="0" failures="0" errors="0" timestamp="2026-09-12T16:31:03.014Z" hostname="GRAHAM" time="0.02">
  <properties/>
  <testcase name="rejectedSecondSubmissionRetainsFirstAuraAuthorityAndNeverDispatches()" classname="com.inigmasgames.hytalerpg.Stage13NativeCooldownHandoffTest" time="0.005"/>
  <testcase name="productionCastWaitsForDurableDebtWithoutWaitingOnOwner()" classname="com.inigmasgames.hytalerpg.Stage13NativeCooldownHandoffTest" time="0.006"/>
  <testcase name="cancellationAndDisconnectRetainDebtUntilRefundAndEvictionAreDurable()" classname="com.inigmasgames.hytalerpg.Stage13NativeCooldownHandoffTest" time="0.005"/>
  <testcase name="staleOwnerValidationCannotExecuteAfterHeldDebtCompletes()" classname="com.inigmasgames.hytalerpg.Stage13NativeCooldownHandoffTest" time="0.004"/>
  <system-out><![CDATA[]]></system-out>
  <system-err><![CDATA[]]></system-err>
</testsuite>
