<?xml version="1.0" encoding="UTF-8"?>
<testsuite name="com.inigmasgames.hytalerpg.Stage13EncounterJournalTest" tests="26" skipped="0" failures="0" errors="0" timestamp="2026-09-13T01:14:07.732Z" hostname="GRAHAM" time="7.798">
  <properties/>
  <testcase name="lockIsHeldBetweenOperationsAndReleasedOnlyOnClose()" classname="com.inigmasgames.hytalerpg.Stage13EncounterJournalTest" time="0.019"/>
  <testcase name="fullDeathQueueRejectsBeforeLedgerFreezeAndCanRetryAfterDrain()" classname="com.inigmasgames.hytalerpg.Stage13EncounterJournalTest" time="2.828"/>
  <testcase name="periodicCheckpointRetiresOnlyFullyCoveredJournalAndUsesOriginalSnapshotEnvelope()" classname="com.inigmasgames.hytalerpg.Stage13EncounterJournalTest" time="2.485"/>
  <testcase name="acceptedDeltaIsForcedCompactAndDoesNotRewriteTheSnapshot()" classname="com.inigmasgames.hytalerpg.Stage13EncounterJournalTest" time="0.023"/>
  <testcase name="actualClosedChannelWriteFailureFreezesUntilRestart()" classname="com.inigmasgames.hytalerpg.Stage13EncounterJournalTest" time="0.021"/>
  <testcase name="nestedAdmissionRejectsBeforeAnyRuntimeCreditOrWatermarkMutation()" classname="com.inigmasgames.hytalerpg.Stage13EncounterJournalTest" time="0.021"/>
  <testcase name="[1] AFTER_APPEND" classname="com.inigmasgames.hytalerpg.Stage13EncounterJournalTest" time="0.268"/>
  <testcase name="[2] AFTER_FORCE" classname="com.inigmasgames.hytalerpg.Stage13EncounterJournalTest" time="0.269"/>
  <testcase name="[3] AFTER_CHECKPOINT_FILE" classname="com.inigmasgames.hytalerpg.Stage13EncounterJournalTest" time="0.274"/>
  <testcase name="[4] AFTER_CHECKPOINT_POINTER" classname="com.inigmasgames.hytalerpg.Stage13EncounterJournalTest" time="0.269"/>
  <testcase name="[5] AFTER_CHECKPOINTS" classname="com.inigmasgames.hytalerpg.Stage13EncounterJournalTest" time="0.271"/>
  <testcase name="[6] AFTER_ROTATION" classname="com.inigmasgames.hytalerpg.Stage13EncounterJournalTest" time="0.274"/>
  <testcase name="[7] AFTER_FLOOR" classname="com.inigmasgames.hytalerpg.Stage13EncounterJournalTest" time="0.281"/>
  <testcase name="[1] torn" classname="com.inigmasgames.hytalerpg.Stage13EncounterJournalTest" time="0.021"/>
  <testcase name="[2] checksum" classname="com.inigmasgames.hytalerpg.Stage13EncounterJournalTest" time="0.02"/>
  <testcase name="[3] sequence" classname="com.inigmasgames.hytalerpg.Stage13EncounterJournalTest" time="0.02"/>
  <testcase name="[4] duplicate" classname="com.inigmasgames.hytalerpg.Stage13EncounterJournalTest" time="0.02"/>
  <testcase name="[5] missing" classname="com.inigmasgames.hytalerpg.Stage13EncounterJournalTest" time="0.021"/>
  <testcase name="[1] AFTER_APPEND" classname="com.inigmasgames.hytalerpg.Stage13EncounterJournalTest" time="0.046"/>
  <testcase name="[2] AFTER_FORCE" classname="com.inigmasgames.hytalerpg.Stage13EncounterJournalTest" time="0.051"/>
  <testcase name="[3] AFTER_CHECKPOINT_FILE" classname="com.inigmasgames.hytalerpg.Stage13EncounterJournalTest" time="0.049"/>
  <testcase name="[4] AFTER_CHECKPOINT_POINTER" classname="com.inigmasgames.hytalerpg.Stage13EncounterJournalTest" time="0.045"/>
  <testcase name="[5] AFTER_CHECKPOINTS" classname="com.inigmasgames.hytalerpg.Stage13EncounterJournalTest" time="0.045"/>
  <testcase name="[6] AFTER_ROTATION" classname="com.inigmasgames.hytalerpg.Stage13EncounterJournalTest" time="0.048"/>
  <testcase name="[7] AFTER_FLOOR" classname="com.inigmasgames.hytalerpg.Stage13EncounterJournalTest" time="0.047"/>
  <testcase name="replayPreservesCreditReplacementsExclusionsAndExpiredFarmWatermarks()" classname="com.inigmasgames.hytalerpg.Stage13EncounterJournalTest" time="0.055"/>
  <system-out><![CDATA[]]></system-out>
  <system-err><![CDATA[]]></system-err>
</testsuite>
