<?xml version="1.0" encoding="UTF-8"?>
<testsuite name="com.inigmasgames.hytalerpg.diagnostics.TraceArchiveFixtureRoundTripTest" tests="1" skipped="0" failures="0" errors="0" timestamp="2026-09-13T01:14:38.320Z" hostname="GRAHAM" time="0.589">
  <properties/>
  <testcase name="suppliedSkillAndUiFixturesRoundTripByteForByteWithSubstantialCompression()" classname="com.inigmasgames.hytalerpg.diagnostics.TraceArchiveFixtureRoundTripTest" time="0.589"/>
  <system-out><![CDATA[]]></system-out>
  <system-err><![CDATA[]]></system-err>
</testsuite>
