<?xml version="1.0" encoding="UTF-8"?>
<testsuite name="com.inigmasgames.hytalerpg.Stage07LoadTest" tests="1" skipped="0" failures="0" errors="0" timestamp="2026-09-13T01:13:45.025Z" hostname="GRAHAM" time="0.306">
  <properties/>
  <testcase name="full512CarrierLoadHasBoundedBurstLedgersAndCompleteRootCleanup()" classname="com.inigmasgames.hytalerpg.Stage07LoadTest" time="0.306"/>
  <system-out><![CDATA[STAGE07_LOAD {"secondaryVictimLedgerEntries":32768,"milliseconds":32.8046,"traceDiskOrNetworkMeasured":false,"owners":22,"remainingRoots":0,"nativePhysicsMeasured":false,"carriers":512,"remainingCarriers":0,"bursts":512}
]]></system-out>
  <system-err><![CDATA[]]></system-err>
</testsuite>
