<?xml version="1.0" encoding="UTF-8"?>
<testsuite name="com.inigmasgames.canvasui.runtime.SessionRegistryTest" tests="3" skipped="0" failures="0" errors="0" timestamp="2026-09-13T03:15:57.345Z" hostname="GRAHAM" time="0.003">
  <properties/>
  <testcase name="duplicatePlayerSessionIsRejected()" classname="com.inigmasgames.canvasui.runtime.SessionRegistryTest" time="0.001"/>
  <testcase name="simultaneousPlayersRemainIsolated()" classname="com.inigmasgames.canvasui.runtime.SessionRegistryTest" time="0.001"/>
  <testcase name="cleanupIsIdempotentAndIdentitySafe()" classname="com.inigmasgames.canvasui.runtime.SessionRegistryTest" time="0.001"/>
  <system-out><![CDATA[]]></system-out>
  <system-err><![CDATA[]]></system-err>
</testsuite>
