<?xml version="1.0" encoding="UTF-8"?>
<testsuite name="com.inigmasgames.hytalerpg.execution.hytale.Stage13NativeAttitudeCacheTest" tests="4" skipped="0" failures="0" errors="0" timestamp="2026-09-12T22:44:58.532Z" hostname="GRAHAM" time="0.071">
  <properties/>
  <testcase name="coldNativeGetterReproducesExactCacheNullDereference()" classname="com.inigmasgames.hytalerpg.execution.hytale.Stage13NativeAttitudeCacheTest" time="0.02"/>
  <testcase name="nativePreparationIsIdempotentAndDoesNotInventFriendship()" classname="com.inigmasgames.hytalerpg.execution.hytale.Stage13NativeAttitudeCacheTest" time="0.001"/>
  <testcase name="everyRpgNativeAttitudeReadRequestsCacheFirst()" classname="com.inigmasgames.hytalerpg.execution.hytale.Stage13NativeAttitudeCacheTest" time="0.048"/>
  <testcase name="nativeTickStillExpiresCacheWithoutResettingItOnEveryRead()" classname="com.inigmasgames.hytalerpg.execution.hytale.Stage13NativeAttitudeCacheTest" time="0.0"/>
  <system-out><![CDATA[]]></system-out>
  <system-err><![CDATA[]]></system-err>
</testsuite>
