<?xml version="1.0" encoding="UTF-8"?>
<testsuite name="com.inigmasgames.hytalerpg.Stage07SteeringTest" tests="9" skipped="0" failures="0" errors="0" timestamp="2026-09-13T02:07:42.797Z" hostname="GRAHAM" time="0.067">
  <properties/>
  <testcase name="homingReacquiresAtTenHertzWithinRangeConeAndLosUsingStableTieBreak()" classname="com.inigmasgames.hytalerpg.Stage07SteeringTest" time="0.001"/>
  <testcase name="antiparallelAndVerticalTurnsStayFiniteNormalizedAndAngleBounded()" classname="com.inigmasgames.hytalerpg.Stage07SteeringTest" time="0.0"/>
  <testcase name="homingTurnIsCappedAt120DegreesPerSecondAndNeverTurnsThroughOcclusion()" classname="com.inigmasgames.hytalerpg.Stage07SteeringTest" time="0.001"/>
  <testcase name="homingRejectsOverflowRatherThanPickingFromTruncatedTargets()" classname="com.inigmasgames.hytalerpg.Stage07SteeringTest" time="0.0"/>
  <testcase name="tooRapidBounceOrInvalidNormalFailsClosedWithoutEarlyReturnOrPhasing()" classname="com.inigmasgames.hytalerpg.Stage07SteeringTest" time="0.022"/>
  <testcase name="fourCohortBCompatibilityGatesRejectNonProjectileFamilies()" classname="com.inigmasgames.hytalerpg.Stage07SteeringTest" time="0.003"/>
  <testcase name="reflectionUsesObliqueNormalAndDoesNotConsumeEnemyChainCredits()" classname="com.inigmasgames.hytalerpg.Stage07SteeringTest" time="0.014"/>
  <testcase name="forkInheritsLastBounceTimeAndRemainingRicochetCredits()" classname="com.inigmasgames.hytalerpg.Stage07SteeringTest" time="0.013"/>
  <testcase name="twoRealNormalReflectionsPreserveSpeedThenReturnBeginsWithoutResettingCredits()" classname="com.inigmasgames.hytalerpg.Stage07SteeringTest" time="0.012"/>
  <system-out><![CDATA[]]></system-out>
  <system-err><![CDATA[]]></system-err>
</testsuite>
