<?xml version="1.0" encoding="UTF-8"?>
<testsuite name="com.inigmasgames.hytalerpg.diagnostics.TraceArchiveRecoveryTest" tests="11" skipped="0" failures="0" errors="0" timestamp="2026-09-13T02:08:38.358Z" hostname="GRAHAM" time="0.534">
  <properties/>
  <testcase name="archiveDirectoryFailureDoesNotFailAcceptedActiveTraceWrites()" classname="com.inigmasgames.hytalerpg.diagnostics.TraceArchiveRecoveryTest" time="0.01"/>
  <testcase name="identicalTimestampsAndConcurrentSubmissionsRemainValidAndExactlyOnce()" classname="com.inigmasgames.hytalerpg.diagnostics.TraceArchiveRecoveryTest" time="0.049"/>
  <testcase name="verifiedManifestContainsIntegrityCountsOrderingMetadataAndBuildIdentity()" classname="com.inigmasgames.hytalerpg.diagnostics.TraceArchiveRecoveryTest" time="0.014"/>
  <testcase name="legacyPlainRotationsVerifiedGzipAndCurrentAreReadInLogicalOrder()" classname="com.inigmasgames.hytalerpg.diagnostics.TraceArchiveRecoveryTest" time="0.016"/>
  <testcase name="archiveQueueIsBoundedAndFilesystemBacklogSurvivesASlowCompressor()" classname="com.inigmasgames.hytalerpg.diagnostics.TraceArchiveRecoveryTest" time="0.196"/>
  <testcase name="slowCompressionNeverBlocksRotationOrTheNextActiveSegment()" classname="com.inigmasgames.hytalerpg.diagnostics.TraceArchiveRecoveryTest" time="0.029"/>
  <testcase name="mismatchedCompressedDuplicateIsQuarantinedAndRawRemainsAuthority()" classname="com.inigmasgames.hytalerpg.diagnostics.TraceArchiveRecoveryTest" time="0.029"/>
  <testcase name="eachCrashBoundaryRecoversWithoutLossOrDuplication()" classname="com.inigmasgames.hytalerpg.diagnostics.TraceArchiveRecoveryTest" time="0.131"/>
  <testcase name="compressionNoneStillRotatesVerifiesAndExportsWithoutDeletingHistory()" classname="com.inigmasgames.hytalerpg.diagnostics.TraceArchiveRecoveryTest" time="0.017"/>
  <testcase name="startupRebuildsAMissingManifestAndRemovesOnlyMatchingRawDuplicate()" classname="com.inigmasgames.hytalerpg.diagnostics.TraceArchiveRecoveryTest" time="0.027"/>
  <testcase name="partialFinalLineIsQuarantinedAndEveryCompleteLineSurvives()" classname="com.inigmasgames.hytalerpg.diagnostics.TraceArchiveRecoveryTest" time="0.016"/>
  <system-out><![CDATA[]]></system-out>
  <system-err><![CDATA[]]></system-err>
</testsuite>
