<?xml version="1.0" encoding="UTF-8"?>
<testsuite name="com.inigmasgames.hytalerpg.R021NativeAbilityCorrectionTest" tests="4" skipped="0" failures="0" errors="0" timestamp="2026-09-13T02:07:40.513Z" hostname="GRAHAM" time="0.022">
  <properties/>
  <testcase name="exactInstalledContainerGeometryMapsOnlyTwoRpgSlots()" classname="com.inigmasgames.hytalerpg.R021NativeAbilityCorrectionTest" time="0.002"/>
  <testcase name="productionSourceHasNoCustomAbilityHudOrDuplicatePhysicalKeyOwnership()" classname="com.inigmasgames.hytalerpg.R021NativeAbilityCorrectionTest" time="0.0"/>
  <testcase name="executableCohortHasTriggerOnlyNativeItemAssets()" classname="com.inigmasgames.hytalerpg.R021NativeAbilityCorrectionTest" time="0.02"/>
  <testcase name="itemIdsAreDeterministicAndOwnershipIsPrefixBounded()" classname="com.inigmasgames.hytalerpg.R021NativeAbilityCorrectionTest" time="0.0"/>
  <system-out><![CDATA[]]></system-out>
  <system-err><![CDATA[]]></system-err>
</testsuite>
