<?xml version="1.0" encoding="UTF-8"?>
<testsuite name="com.inigmasgames.hytalerpg.Stage13V2GroupedRewardTest" tests="5" skipped="0" failures="0" errors="0" timestamp="2026-09-13T03:15:14.952Z" hostname="GRAHAM" time="1.284">
  <properties/>
  <testcase name="[1] AFTER_FREEZE" classname="com.inigmasgames.hytalerpg.Stage13V2GroupedRewardTest" time="0.282"/>
  <testcase name="[2] AFTER_AWARD" classname="com.inigmasgames.hytalerpg.Stage13V2GroupedRewardTest" time="0.261"/>
  <testcase name="[3] AFTER_CURSOR" classname="com.inigmasgames.hytalerpg.Stage13V2GroupedRewardTest" time="0.249"/>
  <testcase name="[4] AFTER_COMPLETION" classname="com.inigmasgames.hytalerpg.Stage13V2GroupedRewardTest" time="0.249"/>
  <testcase name="[5] AFTER_CLEANUP" classname="com.inigmasgames.hytalerpg.Stage13V2GroupedRewardTest" time="0.243"/>
  <system-out><![CDATA[]]></system-out>
  <system-err><![CDATA[]]></system-err>
</testsuite>
