<?xml version="1.0" encoding="UTF-8"?>
<testsuite name="com.inigmasgames.hytalerpg.Stage13HealingProbeAJTest" tests="3" skipped="0" failures="0" errors="0" timestamp="2026-09-12T22:44:00.285Z" hostname="GRAHAM" time="0.002">
  <properties/>
  <testcase name="onlyTwoRecipientControlsRequireAnEntity()" classname="com.inigmasgames.hytalerpg.Stage13HealingProbeAJTest" time="0.001"/>
  <testcase name="fixtureIsFreshFlatAndUsesKnownFloorWithNoAmbientCombat()" classname="com.inigmasgames.hytalerpg.Stage13HealingProbeAJTest" time="0.001"/>
  <testcase name="lifecycleIsNullSafeAndSetupFailuresAreExplicit()" classname="com.inigmasgames.hytalerpg.Stage13HealingProbeAJTest" time="0.0"/>
  <system-out><![CDATA[]]></system-out>
  <system-err><![CDATA[]]></system-err>
</testsuite>
