<?xml version="1.0" encoding="UTF-8"?>
<testsuite name="com.inigmasgames.hytalerpg.execution.hytale.HealingProbeLiveTest" tests="3" skipped="0" failures="0" errors="0" timestamp="2026-09-12T22:44:20.186Z" hostname="GRAHAM" time="0.009">
  <properties/>
  <testcase name="packetBoundsRejectUnboundedOrInvalidState()" classname="com.inigmasgames.hytalerpg.execution.hytale.HealingProbeLiveTest" time="0.001"/>
  <testcase name="liveRecipientNeverUsesNativeSpawn()" classname="com.inigmasgames.hytalerpg.execution.hytale.HealingProbeLiveTest" time="0.0"/>
  <testcase name="transientPacketsOnlyCarryFiniteCosmeticsAndExactCleanup()" classname="com.inigmasgames.hytalerpg.execution.hytale.HealingProbeLiveTest" time="0.007"/>
  <system-out><![CDATA[]]></system-out>
  <system-err><![CDATA[]]></system-err>
</testsuite>
