<?xml version="1.0" encoding="UTF-8"?>
<testsuite name="com.inigmasgames.hytalerpg.Stage13DurabilityLoadTest" tests="1" skipped="0" failures="0" errors="0" timestamp="2026-09-12T18:33:48.809Z" hostname="GRAHAM" time="0.757">
  <properties/>
  <testcase name="fourActorSixteenVictimDurableContributionLoadIsMeasuredAndRestores()" classname="com.inigmasgames.hytalerpg.Stage13DurabilityLoadTest" time="0.757"/>
  <system-out><![CDATA[STAGE13_DURABILITY_LOAD {"scope":"REAL_FILE_ENCOUNTER_CONTRIBUTIONS_ONLY_NOT_NATIVE_TICK_PROOF","actors":4,"victims":16,"updatesPerSample":64,"samples":60,"p50Ms":9.6339,"p95Ms":17.8502,"p99Ms":25.1691,"targetP95Ms":4,"targetP99Ms":8,"withinNominalRpgTickBudget":false,"connectedProof":false,"restoredContributorCounts":true,"nativePhysicsAiNetworkRenderingMeasured":false,"persistenceTimings":{"JOURNAL_APPEND":{"count":119,"p50Ms":0.1085,"p95Ms":0.1944,"maxMs":0.2471,"retainedSamples":119,"p99Ms":0.2259,"totalMs":10.1771},"JOURNAL_FORCE":{"count":119,"p50Ms":1.9227,"p95Ms":7.605,"maxMs":7.8351,"retainedSamples":119,"p99Ms":7.8333,"totalMs":453.2237},"CHECKPOINT_SERIALIZATION":{"count":3,"p50Ms":1.886,"p95Ms":3.0884,"maxMs":3.0884,"retainedSamples":3,"p99Ms":3.0884,"totalMs":6.5263},"CHECKPOINT_WRITE":{"count":6,"p50Ms":0.2784,"p95Ms":0.3587,"maxMs":0.3587,"retainedSamples":6,"p99Ms":0.3587,"totalMs":1.7628},"CHECKPOINT_FORCE":{"count":9,"p50Ms":6.7252,"p95Ms":14.9955,"maxMs":14.9955,"retainedSamples":9,"p99Ms":14.9955,"totalMs":62.5733},"GROUP_WAIT":{"count":3840,"p50Ms":3.6845,"p95Ms":12.2982,"maxMs":16.7913,"retainedSamples":3840,"p99Ms":16.5685,"totalMs":17955.6913},"DURABLE_ACK":{"count":3840,"p50Ms":9.2696,"p95Ms":17.3571,"maxMs":21.6727,"retainedSamples":3840,"p99Ms":21.0002,"totalMs":35396.8992},"CHECKPOINT_QUEUE":{"count":3,"p50Ms":0.0405,"p95Ms":0.9865,"maxMs":0.9865,"retainedSamples":3,"p99Ms":0.9865,"totalMs":1.0673},"CHECKPOINT_SCHEDULING":{"count":3,"p50Ms":0.0227,"p95Ms":0.8182,"maxMs":0.8182,"retainedSamples":3,"p99Ms":0.8182,"totalMs":0.8614},"CHECKPOINT_ROTATION":{"count":3,"p50Ms":0.0096,"p95Ms":0.0352,"maxMs":0.0352,"retainedSamples":3,"p99Ms":0.0352,"totalMs":0.0531},"CHECKPOINT_BACKPRESSURE":{"count":3,"p50Ms":0.004,"p95Ms":0.0211,"maxMs":0.0211,"retainedSamples":3,"p99Ms":0.0211,"totalMs":0.0287},"GROUP_CPU":{"count":119,"p50Ms":0.0,"p95Ms":0.0,"maxMs":15.625,"retainedSamples":119,"p99Ms":0.0,"totalMs":15.625},"GROUP_WALL":{"count":119,"p50Ms":2.7374,"p95Ms":10.2351,"maxMs":16.755,"retainedSamples":119,"p99Ms":16.5855,"totalMs":553.5075},"ENCODE_VALIDATE":{"count":119,"p50Ms":0.0654,"p95Ms":0.2874,"maxMs":6.3189,"retainedSamples":119,"p99Ms":0.5509,"totalMs":17.9649},"FOREGROUND_BARRIER_WAIT":{"count":119,"p50Ms":0.0042,"p95Ms":4.9223,"maxMs":14.9428,"retainedSamples":119,"p99Ms":12.1186,"totalMs":62.3736},"MAINTENANCE_BARRIER_WAIT":{"count":9,"p50Ms":4.4893,"p95Ms":33.8866,"maxMs":33.8866,"retainedSamples":9,"p99Ms":33.8866,"totalMs":87.3977},"SUCCESSOR_PREPARATION":{"count":3,"p50Ms":8.3109,"p95Ms":41.5097,"maxMs":41.5097,"retainedSamples":3,"p99Ms":41.5097,"totalMs":55.3224},"SUCCESSOR_ACTIVATION":{"count":3,"p50Ms":0.0748,"p95Ms":0.1363,"maxMs":0.1363,"retainedSamples":3,"p99Ms":0.1363,"totalMs":0.2631},"PREPARED_WAIT":{"count":3,"p50Ms":0.0012,"p95Ms":0.0013,"maxMs":0.0013,"retainedSamples":3,"p99Ms":0.0013,"totalMs":0.0037},"FORCE_TO_COMPLETION":{"count":3840,"p50Ms":0.1966,"p95Ms":0.5637,"maxMs":1.2495,"retainedSamples":3840,"p99Ms":0.8025,"totalMs":895.7817},"PRECOMMIT_VALIDATION":{"count":119,"p50Ms":0.0102,"p95Ms":0.0255,"maxMs":1.7286,"retainedSamples":119,"p99Ms":0.085,"totalMs":2.9465},"SEALED_OPERATION_TO_FORCE":{"count":3840,"p50Ms":9.0507,"p95Ms":17.2904,"maxMs":21.5471,"retainedSamples":3840,"p99Ms":20.2441,"totalMs":34523.6345}},"grouping":{"bytesPerGroup":{"130":46,"260":13,"8060":13,"8190":46,"8320":1},"maxPendingOperations":64,"recordsPerGroup":{"1":46,"2":13,"62":13,"63":46,"64":1},"admissionRejections":0,"maxPendingRecords":64,"maxCheckpointBacklog":1},"forcesPerSample":[1,2,2,2,2,2,2,2,2,2,2,2,2,2,2,2,2,2,2,2,2,2,2,2,2,2,2,2,2,2,2,2,2,2,2,2,2,2,2,2,2,2,2,2,2,2,2,2,2,2,2,2,2,2,2,2,2,2,2,2],"orderedSamplesMs":[25.1691,6.9867,8.6283,12.1108,5.6618,15.6931,5.1639,12.8596,6.6289,4.5077,15.204,4.5094,10.1036,9.6339,4.4466,15.3049,6.7429,17.8502,13.4578,11.1293,7.5058,11.7704,4.6641,10.0648,9.3417,4.3677,12.6279,6.8092,4.4686,15.1753,4.5423,10.3086,9.8587,12.5751,13.3866,19.4247,4.7328,14.7786,4.6831,10.1231,9.8155,4.8557,15.0675,4.6786,9.8929,9.4066,4.3623,15.5703,5.2366,17.2956,6.4071,19.412,10.5831,9.406,4.1218,12.4792,6.7519,4.178,12.5856,6.6181],"barriers":{"forceEvents":[{"writerSuspended":false,"queuedOperations":64,"kind":"FOREGROUND"},{"writerSuspended":false,"queuedOperations":7,"kind":"FOREGROUND"},{"writerSuspended":false,"queuedOperations":63,"kind":"FOREGROUND"},{"writerSuspended":false,"queuedOperations":6,"kind":"FOREGROUND"},{"writerSuspended":false,"queuedOperations":63,"kind":"FOREGROUND"},{"writerSuspended":false,"queuedOperations":9,"kind":"FOREGROUND"},{"writerSuspended":false,"queuedOperations":63,"kind":"FOREGROUND"},{"writerSuspended":false,"queuedOperations":33,"kind":"FOREGROUND"},{"writerSuspended":false,"queuedOperations":63,"kind":"FOREGROUND"},{"writerSuspended":false,"queuedOperations":4,"kind":"FOREGROUND"},{"writerSuspended":false,"queuedOperations":63,"kind":"FOREGROUND"},{"writerSuspended":false,"queuedOperations":1,"kind":"FOREGROUND"},{"writerSuspended":false,"queuedOperations":63,"kind":"FOREGROUND"},{"writerSuspended":false,"queuedOperations":7,"kind":"FOREGROUND"},{"writerSuspended":false,"queuedOperations":63,"kind":"FOREGROUND"},{"writerSuspended":false,"queuedOperations":6,"kind":"FOREGROUND"},{"writerSuspended":false,"queuedOperations":62,"kind":"FOREGROUND"},{"writerSuspended":false,"queuedOperations":7,"kind":"FOREGROUND"},{"writerSuspended":false,"queuedOperations":62,"kind":"FOREGROUND"},{"writerSuspended":false,"queuedOperations":4,"kind":"FOREGROUND"},{"writerSuspended":false,"queuedOperations":63,"kind":"FOREGROUND"},{"writerSuspended":false,"queuedOperations":4,"kind":"FOREGROUND"},{"writerSuspended":false,"queuedOperations":63,"kind":"FOREGROUND"},{"writerSuspended":false,"queuedOperations":5,"kind":"FOREGROUND"},{"writerSuspended":false,"queuedOperations":62,"kind":"FOREGROUND"},{"writerSuspended":false,"queuedOperations":9,"kind":"FOREGROUND"},{"writerSuspended":false,"queuedOperations":63,"kind":"FOREGROUND"},{"writerSuspended":false,"queuedOperations":5,"kind":"FOREGROUND"},{"writerSuspended":false,"queuedOperations":63,"kind":"FOREGROUND"},{"writerSuspended":false,"queuedOperations":5,"kind":"FOREGROUND"},{"writerSuspended":false,"queuedOperations":63,"kind":"FOREGROUND"},{"writerSuspended":false,"queuedOperations":64,"kind":"FOREGROUND"},{"writerSuspended":false,"queuedOperations":62,"kind":"FOREGROUND"},{"writerSuspended":false,"queuedOperations":0,"kind":"BUNDLE"},{"writerSuspended":false,"queuedOperations":64,"kind":"FOREGROUND"},{"writerSuspended":false,"queuedOperations":63,"kind":"FOREGROUND"},{"writerSuspended":false,"queuedOperations":0,"kind":"MANIFEST"},{"writerSuspended":false,"queuedOperations":64,"kind":"FOREGROUND"},{"writerSuspended":false,"queuedOperations":63,"kind":"FOREGROUND"},{"writerSuspended":false,"queuedOperations":0,"kind":"PREPARATION"},{"writerSuspended":false,"queuedOperations":64,"kind":"FOREGROUND"},{"writerSuspended":false,"queuedOperations":63,"kind":"FOREGROUND"},{"writerSuspended":false,"queuedOperations":3,"kind":"FOREGROUND"},{"writerSuspended":false,"queuedOperations":63,"kind":"FOREGROUND"},{"writerSuspended":false,"queuedOperations":5,"kind":"FOREGROUND"},{"writerSuspended":false,"queuedOperations":63,"kind":"FOREGROUND"},{"writerSuspended":false,"queuedOperations":13,"kind":"FOREGROUND"},{"writerSuspended":false,"queuedOperations":62,"kind":"FOREGROUND"},{"writerSuspended":false,"queuedOperations":5,"kind":"FOREGROUND"},{"writerSuspended":false,"queuedOperations":63,"kind":"FOREGROUND"},{"writerSuspended":false,"queuedOperations":6,"kind":"FOREGROUND"},{"writerSuspended":false,"queuedOperations":63,"kind":"FOREGROUND"},{"writerSuspended":false,"queuedOperations":4,"kind":"FOREGROUND"},{"writerSuspended":false,"queuedOperations":63,"kind":"FOREGROUND"},{"writerSuspended":false,"queuedOperations":5,"kind":"FOREGROUND"},{"writerSuspended":false,"queuedOperations":63,"kind":"FOREGROUND"},{"writerSuspended":false,"queuedOperations":6,"kind":"FOREGROUND"},{"writerSuspended":false,"queuedOperations":63,"kind":"FOREGROUND"},{"writerSuspended":false,"queuedOperations":5,"kind":"FOREGROUND"},{"writerSuspended":false,"queuedOperations":63,"kind":"FOREGROUND"},{"writerSuspended":false,"queuedOperations":10,"kind":"FOREGROUND"},{"writerSuspended":false,"queuedOperations":62,"kind":"FOREGROUND"},{"writerSuspended":false,"queuedOperations":5,"kind":"FOREGROUND"},{"writerSuspended":false,"queuedOperations":63,"kind":"FOREGROUND"},{"writerSuspended":false,"queuedOperations":6,"kind":"FOREGROUND"},{"writerSuspended":false,"queuedOperations":63,"kind":"FOREGROUND"},{"writerSuspended":false,"queuedOperations":54,"kind":"FOREGROUND"},{"writerSuspended":false,"queuedOperations":63,"kind":"FOREGROUND"},{"writerSuspended":false,"queuedOperations":0,"kind":"PREPARATION"},{"writerSuspended":false,"queuedOperations":64,"kind":"FOREGROUND"},{"writerSuspended":false,"queuedOperations":63,"kind":"FOREGROUND"},{"writerSuspended":false,"queuedOperations":0,"kind":"BUNDLE"},{"writerSuspended":false,"queuedOperations":64,"kind":"FOREGROUND"},{"writerSuspended":false,"queuedOperations":63,"kind":"FOREGROUND"},{"writerSuspended":false,"queuedOperations":0,"kind":"MANIFEST"},{"writerSuspended":false,"queuedOperations":64,"kind":"FOREGROUND"},{"writerSuspended":false,"queuedOperations":63,"kind":"FOREGROUND"},{"writerSuspended":false,"queuedOperations":7,"kind":"FOREGROUND"},{"writerSuspended":false,"queuedOperations":63,"kind":"FOREGROUND"},{"writerSuspended":false,"queuedOperations":7,"kind":"FOREGROUND"},{"writerSuspended":false,"queuedOperations":63,"kind":"FOREGROUND"},{"writerSuspended":false,"queuedOperations":8,"kind":"FOREGROUND"},{"writerSuspended":false,"queuedOperations":62,"kind":"FOREGROUND"},{"writerSuspended":false,"queuedOperations":7,"kind":"FOREGROUND"},{"writerSuspended":false,"queuedOperations":63,"kind":"FOREGROUND"},{"writerSuspended":false,"queuedOperations":10,"kind":"FOREGROUND"},{"writerSuspended":false,"queuedOperations":63,"kind":"FOREGROUND"},{"writerSuspended":false,"queuedOperations":39,"kind":"FOREGROUND"},{"writerSuspended":false,"queuedOperations":62,"kind":"FOREGROUND"},{"writerSuspended":false,"queuedOperations":4,"kind":"FOREGROUND"},{"writerSuspended":false,"queuedOperations":63,"kind":"FOREGROUND"},{"writerSuspended":false,"queuedOperations":14,"kind":"FOREGROUND"},{"writerSuspended":false,"queuedOperations":63,"kind":"FOREGROUND"},{"writerSuspended":false,"queuedOperations":7,"kind":"FOREGROUND"},{"writerSuspended":false,"queuedOperations":63,"kind":"FOREGROUND"},{"writerSuspended":false,"queuedOperations":9,"kind":"FOREGROUND"},{"writerSuspended":false,"queuedOperations":63,"kind":"FOREGROUND"},{"writerSuspended":false,"queuedOperations":6,"kind":"FOREGROUND"},{"writerSuspended":false,"queuedOperations":63,"kind":"FOREGROUND"},{"writerSuspended":false,"queuedOperations":5,"kind":"FOREGROUND"},{"writerSuspended":false,"queuedOperations":63,"kind":"FOREGROUND"},{"writerSuspended":false,"queuedOperations":44,"kind":"FOREGROUND"},{"writerSuspended":false,"queuedOperations":63,"kind":"FOREGROUND"},{"writerSuspended":false,"queuedOperations":0,"kind":"PREPARATION"},{"writerSuspended":false,"queuedOperations":64,"kind":"FOREGROUND"},{"writerSuspended":false,"queuedOperations":63,"kind":"FOREGROUND"},{"writerSuspended":false,"queuedOperations":0,"kind":"BUNDLE"},{"writerSuspended":false,"queuedOperations":64,"kind":"FOREGROUND"},{"writerSuspended":false,"queuedOperations":63,"kind":"FOREGROUND"},{"writerSuspended":false,"queuedOperations":0,"kind":"MANIFEST"},{"writerSuspended":false,"queuedOperations":64,"kind":"FOREGROUND"},{"writerSuspended":false,"queuedOperations":63,"kind":"FOREGROUND"},{"writerSuspended":false,"queuedOperations":23,"kind":"FOREGROUND"},{"writerSuspended":false,"queuedOperations":62,"kind":"FOREGROUND"},{"writerSuspended":false,"queuedOperations":9,"kind":"FOREGROUND"},{"writerSuspended":false,"queuedOperations":63,"kind":"FOREGROUND"},{"writerSuspended":false,"queuedOperations":6,"kind":"FOREGROUND"},{"writerSuspended":false,"queuedOperations":63,"kind":"FOREGROUND"},{"writerSuspended":false,"queuedOperations":6,"kind":"FOREGROUND"},{"writerSuspended":false,"queuedOperations":62,"kind":"FOREGROUND"},{"writerSuspended":false,"queuedOperations":15,"kind":"FOREGROUND"},{"writerSuspended":false,"queuedOperations":62,"kind":"FOREGROUND"},{"writerSuspended":false,"queuedOperations":7,"kind":"FOREGROUND"},{"writerSuspended":false,"queuedOperations":62,"kind":"FOREGROUND"},{"writerSuspended":false,"queuedOperations":9,"kind":"FOREGROUND"},{"writerSuspended":false,"queuedOperations":62,"kind":"FOREGROUND"},{"writerSuspended":false,"queuedOperations":7,"kind":"FOREGROUND"},{"writerSuspended":false,"queuedOperations":63,"kind":"FOREGROUND"}],"overlapAttempts":18,"forcesByClass":{"FOREGROUND":119,"PREPARATION":3,"BUNDLE":3,"MANIFEST":3}},"version2":{"preparedMisses":0,"dequeuedCommitBatches":[{"records":64,"forces":1},{"records":1,"forces":1},{"records":63,"forces":1},{"records":1,"forces":1},{"records":63,"forces":1},{"records":1,"forces":1},{"records":63,"forces":1},{"records":1,"forces":1},{"records":63,"forces":1},{"records":1,"forces":1},{"records":63,"forces":1},{"records":1,"forces":1},{"records":63,"forces":1},{"records":1,"forces":1},{"records":63,"forces":1},{"records":2,"forces":1},{"records":62,"forces":1},{"records":2,"forces":1},{"records":62,"forces":1},{"records":1,"forces":1},{"records":63,"forces":1},{"records":1,"forces":1},{"records":63,"forces":1},{"records":2,"forces":1},{"records":62,"forces":1},{"records":1,"forces":1},{"records":63,"forces":1},{"records":1,"forces":1},{"records":63,"forces":1},{"records":1,"forces":1},{"records":63,"forces":1},{"records":2,"forces":1},{"records":62,"forces":1},{"records":1,"forces":1},{"records":63,"forces":1},{"records":1,"forces":1},{"records":63,"forces":1},{"records":1,"forces":1},{"records":63,"forces":1},{"records":1,"forces":1},{"records":63,"forces":1},{"records":1,"forces":1},{"records":63,"forces":1},{"records":2,"forces":1},{"records":62,"forces":1},{"records":1,"forces":1},{"records":63,"forces":1},{"records":1,"forces":1},{"records":63,"forces":1},{"records":1,"forces":1},{"records":63,"forces":1},{"records":1,"forces":1},{"records":63,"forces":1},{"records":1,"forces":1},{"records":63,"forces":1},{"records":1,"forces":1},{"records":63,"forces":1},{"records":2,"forces":1},{"records":62,"forces":1},{"records":1,"forces":1},{"records":63,"forces":1},{"records":1,"forces":1},{"records":63,"forces":1},{"records":1,"forces":1},{"records":63,"forces":1},{"records":1,"forces":1},{"records":63,"forces":1},{"records":1,"forces":1},{"records":63,"forces":1},{"records":1,"forces":1},{"records":63,"forces":1},{"records":1,"forces":1},{"records":63,"forces":1},{"records":1,"forces":1},{"records":63,"forces":1},{"records":2,"forces":1},{"records":62,"forces":1},{"records":1,"forces":1},{"records":63,"forces":1},{"records":1,"forces":1},{"records":63,"forces":1},{"records":2,"forces":1},{"records":62,"forces":1},{"records":1,"forces":1},{"records":63,"forces":1},{"records":1,"forces":1},{"records":63,"forces":1},{"records":1,"forces":1},{"records":63,"forces":1},{"records":1,"forces":1},{"records":63,"forces":1},{"records":1,"forces":1},{"records":63,"forces":1},{"records":1,"forces":1},{"records":63,"forces":1},{"records":1,"forces":1},{"records":63,"forces":1},{"records":1,"forces":1},{"records":63,"forces":1},{"records":1,"forces":1},{"records":63,"forces":1},{"records":1,"forces":1},{"records":63,"forces":1},{"records":2,"forces":1},{"records":62,"forces":1},{"records":1,"forces":1},{"records":63,"forces":1},{"records":1,"forces":1},{"records":63,"forces":1},{"records":2,"forces":1},{"records":62,"forces":1},{"records":2,"forces":1},{"records":62,"forces":1},{"records":2,"forces":1},{"records":62,"forces":1},{"records":2,"forces":1},{"records":62,"forces":1},{"records":1,"forces":1},{"records":63,"forces":1}],"bundleCount":3,"sealedOperationSizes":{"1":3840},"bundleBytes":43332},"collectionWindowNanos":0,"sharedGameplayEpoch":false,"journalState":{"format":2,"preallocated":true,"preparedReady":true,"activeFirst":3073,"checkpointGeneration":3,"active":"1b7cb45e-ddd7-4a80-9061-540ac874cc6e","checkpointThrough":3072,"extentBytes":16781456,"activeRecords":768,"durableSequence":3840},"sampleEndsAfterAll64DurableAcknowledgements":true,"checkpointWorkerConcurrentWithSamples":true,"finalCheckpointDrainMs":0.006,"journalForcePer64UpdateSampleMs":{"p95":14.2819,"p99":14.7359,"p50":6.8495}}
]]></system-out>
  <system-err><![CDATA[]]></system-err>
</testsuite>
