<?xml version="1.0" encoding="UTF-8"?>
<testsuite name="com.inigmasgames.hytalerpg.Stage13IconUpdaterTest" tests="9" skipped="0" failures="0" errors="0" timestamp="2026-09-12T17:31:51.463Z" hostname="GRAHAM" time="10.67">
  <properties/>
  <testcase name="doubleClickWorkspaceDefaultsResolveInWindowsPowerShellWithoutCallerWorkingDirectory()" classname="com.inigmasgames.hytalerpg.Stage13IconUpdaterTest" time="0.491"/>
  <testcase name="typoAbortsEntireBatchBeforeValidImageIsInstalled()" classname="com.inigmasgames.hytalerpg.Stage13IconUpdaterTest" time="0.871"/>
  <testcase name="corruptBackupIsNeverUsedForUndo()" classname="com.inigmasgames.hytalerpg.Stage13IconUpdaterTest" time="1.907"/>
  <testcase name="oversizedHeaderIsRejectedBeforeImageDecodeAndNoJarMutation()" classname="com.inigmasgames.hytalerpg.Stage13IconUpdaterTest" time="0.791"/>
  <testcase name="undoRefusesChangedBuildAndPreservesIt()" classname="com.inigmasgames.hytalerpg.Stage13IconUpdaterTest" time="1.725"/>
  <testcase name="malformedPngAbortsWithoutChangingJar()" classname="com.inigmasgames.hytalerpg.Stage13IconUpdaterTest" time="0.81"/>
  <testcase name="repeatIsByteIdenticalAndUndoRestoresExactPriorJar()" classname="com.inigmasgames.hytalerpg.Stage13IconUpdaterTest" time="2.558"/>
  <testcase name="installsSkillAndPassivePngsOnlyAndChangesOnlyNativeIconField()" classname="com.inigmasgames.hytalerpg.Stage13IconUpdaterTest" time="1.063"/>
  <testcase name="dryRunWritesNeitherJarBackupNorLockAndMissingImagesKeepFallbacks()" classname="com.inigmasgames.hytalerpg.Stage13IconUpdaterTest" time="0.454"/>
  <system-out><![CDATA[]]></system-out>
  <system-err><![CDATA[]]></system-err>
</testsuite>
