<?xml version="1.0" encoding="UTF-8"?>
<testsuite name="com.inigmasgames.hytalerpg.progress.Stage13DurabilityV2Test" tests="41" skipped="0" failures="0" errors="0" timestamp="2026-09-12T17:32:07.701Z" hostname="GRAHAM" time="4.705">
  <properties/>
  <testcase name="sealed64FramesUseOneForceAndReplayThreeTimes()" classname="com.inigmasgames.hytalerpg.progress.Stage13DurabilityV2Test" time="0.189"/>
  <testcase name="[1] missing-bundle" classname="com.inigmasgames.hytalerpg.progress.Stage13DurabilityV2Test" time="0.038"/>
  <testcase name="[2] corrupt-bundle" classname="com.inigmasgames.hytalerpg.progress.Stage13DurabilityV2Test" time="0.04"/>
  <testcase name="[3] corrupt-index" classname="com.inigmasgames.hytalerpg.progress.Stage13DurabilityV2Test" time="0.038"/>
  <testcase name="[4] corrupt-manifest" classname="com.inigmasgames.hytalerpg.progress.Stage13DurabilityV2Test" time="0.036"/>
  <testcase name="[1] nonzero-tail" classname="com.inigmasgames.hytalerpg.progress.Stage13DurabilityV2Test" time="0.08"/>
  <testcase name="[2] torn" classname="com.inigmasgames.hytalerpg.progress.Stage13DurabilityV2Test" time="0.045"/>
  <testcase name="[3] crc" classname="com.inigmasgames.hytalerpg.progress.Stage13DurabilityV2Test" time="0.063"/>
  <testcase name="[4] missing" classname="com.inigmasgames.hytalerpg.progress.Stage13DurabilityV2Test" time="0.046"/>
  <testcase name="[5] duplicate" classname="com.inigmasgames.hytalerpg.progress.Stage13DurabilityV2Test" time="0.054"/>
  <testcase name="openReservationPreventsDeathPlanBeforeMutation()" classname="com.inigmasgames.hytalerpg.progress.Stage13DurabilityV2Test" time="0.028"/>
  <testcase name="[1] AFTER_FIRST_FRAME" classname="com.inigmasgames.hytalerpg.progress.Stage13DurabilityV2Test" time="0.476"/>
  <testcase name="[2] AFTER_GROUP_APPEND" classname="com.inigmasgames.hytalerpg.progress.Stage13DurabilityV2Test" time="0.09"/>
  <testcase name="[3] BEFORE_FORCE" classname="com.inigmasgames.hytalerpg.progress.Stage13DurabilityV2Test" time="0.076"/>
  <testcase name="[4] AFTER_GROUP_FORCE" classname="com.inigmasgames.hytalerpg.progress.Stage13DurabilityV2Test" time="0.079"/>
  <testcase name="[5] BEFORE_ACKNOWLEDGEMENTS" classname="com.inigmasgames.hytalerpg.progress.Stage13DurabilityV2Test" time="0.083"/>
  <testcase name="[1] append" classname="com.inigmasgames.hytalerpg.progress.Stage13DurabilityV2Test" time="0.077"/>
  <testcase name="[2] force" classname="com.inigmasgames.hytalerpg.progress.Stage13DurabilityV2Test" time="0.079"/>
  <testcase name="checkpointPublishesTwoForcesNotTwoPerContextAndRetainsOldIndexBranches()" classname="com.inigmasgames.hytalerpg.progress.Stage13DurabilityV2Test" time="0.432"/>
  <testcase name="legitimateHealingOperationSeals64ContextsIntoOneSharedReceipt()" classname="com.inigmasgames.hytalerpg.progress.Stage13DurabilityV2Test" time="0.44"/>
  <testcase name="[1] death" classname="com.inigmasgames.hytalerpg.progress.Stage13DurabilityV2Test" time="0.135"/>
  <testcase name="[2] exclusion" classname="com.inigmasgames.hytalerpg.progress.Stage13DurabilityV2Test" time="0.133"/>
  <testcase name="[3] detach" classname="com.inigmasgames.hytalerpg.progress.Stage13DurabilityV2Test" time="0.132"/>
  <testcase name="[4] unload" classname="com.inigmasgames.hytalerpg.progress.Stage13DurabilityV2Test" time="0.133"/>
  <testcase name="[5] shutdown" classname="com.inigmasgames.hytalerpg.progress.Stage13DurabilityV2Test" time="0.149"/>
  <testcase name="explicitV1MigrationPreservesContextWatermarksAndExclusions()" classname="com.inigmasgames.hytalerpg.progress.Stage13DurabilityV2Test" time="0.091"/>
  <testcase name="[1] BUNDLE_SERIALIZATION" classname="com.inigmasgames.hytalerpg.progress.Stage13DurabilityV2Test" time="0.104"/>
  <testcase name="[2] BUNDLE_PARTIAL_WRITE" classname="com.inigmasgames.hytalerpg.progress.Stage13DurabilityV2Test" time="0.111"/>
  <testcase name="[3] BUNDLE_BEFORE_FORCE" classname="com.inigmasgames.hytalerpg.progress.Stage13DurabilityV2Test" time="0.104"/>
  <testcase name="[4] BUNDLE_AFTER_FORCE" classname="com.inigmasgames.hytalerpg.progress.Stage13DurabilityV2Test" time="0.105"/>
  <testcase name="[5] BUNDLES_DURABLE" classname="com.inigmasgames.hytalerpg.progress.Stage13DurabilityV2Test" time="0.119"/>
  <testcase name="[6] MANIFEST_PARTIAL_WRITE" classname="com.inigmasgames.hytalerpg.progress.Stage13DurabilityV2Test" time="0.106"/>
  <testcase name="[7] MANIFEST_BEFORE_FORCE" classname="com.inigmasgames.hytalerpg.progress.Stage13DurabilityV2Test" time="0.115"/>
  <testcase name="[8] MANIFEST_AFTER_FORCE" classname="com.inigmasgames.hytalerpg.progress.Stage13DurabilityV2Test" time="0.124"/>
  <testcase name="admissionLimitsRejectBeforeRuntimeLedgerMutation()" classname="com.inigmasgames.hytalerpg.progress.Stage13DurabilityV2Test" time="0.057"/>
  <testcase name="[1] false" classname="com.inigmasgames.hytalerpg.progress.Stage13DurabilityV2Test" time="0.072"/>
  <testcase name="[2] true" classname="com.inigmasgames.hytalerpg.progress.Stage13DurabilityV2Test" time="0.113"/>
  <testcase name="portableStatisticsRetainAllSamplesAndSerializeDeterministically()" classname="com.inigmasgames.hytalerpg.progress.Stage13DurabilityV2Test" time="0.007"/>
  <testcase name="rotationUsesPreparedHandleAndNoAdditionalForegroundBarrier()" classname="com.inigmasgames.hytalerpg.progress.Stage13DurabilityV2Test" time="0.187"/>
  <testcase name="noDurableReceiptOrDependentMasteryBeforeForce()" classname="com.inigmasgames.hytalerpg.progress.Stage13DurabilityV2Test" time="0.043"/>
  <testcase name="sealRejectsLateAppendAndNewLeaseCreatesNextOrderedOperation()" classname="com.inigmasgames.hytalerpg.progress.Stage13DurabilityV2Test" time="0.065"/>
  <system-out><![CDATA[]]></system-out>
  <system-err><![CDATA[]]></system-err>
</testsuite>
