<?xml version="1.0" encoding="UTF-8"?>
<testsuite name="com.inigmasgames.hytalerpg.Stage12PersistentEncounterRuntimeTest" tests="18" skipped="0" failures="0" errors="0" timestamp="2026-09-12T22:43:47.107Z" hostname="GRAHAM" time="0.42">
  <properties/>
  <testcase name="repeatedAttachDoesNotDuplicateIndexOrRewards()" classname="com.inigmasgames.hytalerpg.Stage12PersistentEncounterRuntimeTest" time="0.03"/>
  <testcase name="effectiveAbsorbAndControlPersistAttribution()" classname="com.inigmasgames.hytalerpg.Stage12PersistentEncounterRuntimeTest" time="0.039"/>
  <testcase name="completedEnemyCannotAttachAsNewSpawn()" classname="com.inigmasgames.hytalerpg.Stage12PersistentEncounterRuntimeTest" time="0.05"/>
  <testcase name="frozenDeathReplayDoesNotDeliverAgain()" classname="com.inigmasgames.hytalerpg.Stage12PersistentEncounterRuntimeTest" time="0.031"/>
  <testcase name="conversionRestorationCannotRestoreRewardEligibility()" classname="com.inigmasgames.hytalerpg.Stage12PersistentEncounterRuntimeTest" time="0.025"/>
  <testcase name="nativeInputsThroughDurableRuntimeYieldOneCalculatedAward()" classname="com.inigmasgames.hytalerpg.Stage12PersistentEncounterRuntimeTest" time="0.03"/>
  <testcase name="failedAwardFreezesUntilRestartButRetainsFrozenDeath()" classname="com.inigmasgames.hytalerpg.Stage12PersistentEncounterRuntimeTest" time="0.031"/>
  <testcase name="ineffectiveControlAndUnusedShieldDoNotPersistCredit()" classname="com.inigmasgames.hytalerpg.Stage12PersistentEncounterRuntimeTest" time="0.014"/>
  <testcase name="loadCannotReplaceOriginalBiomeWithNewCandidate()" classname="com.inigmasgames.hytalerpg.Stage12PersistentEncounterRuntimeTest" time="0.02"/>
  <testcase name="unclassifiedNewEnemyAndUnknownLoadCannotEarn()" classname="com.inigmasgames.hytalerpg.Stage12PersistentEncounterRuntimeTest" time="0.009"/>
  <testcase name="farmWatermarkSurvivesRuntimeRecreation()" classname="com.inigmasgames.hytalerpg.Stage12PersistentEncounterRuntimeTest" time="0.024"/>
  <testcase name="friendlySelfOrInvalidHealthNeverQualifies()" classname="com.inigmasgames.hytalerpg.Stage12PersistentEncounterRuntimeTest" time="0.013"/>
  <testcase name="worldUnloadPreservesContextButClearsMemory()" classname="com.inigmasgames.hytalerpg.Stage12PersistentEncounterRuntimeTest" time="0.02"/>
  <testcase name="wrongRoleOnReloadPermanentlyExcludes()" classname="com.inigmasgames.hytalerpg.Stage12PersistentEncounterRuntimeTest" time="0.023"/>
  <testcase name="partialStoreFailureFreezesProgressionAndRetainsNativeCombatInputs()" classname="com.inigmasgames.hytalerpg.Stage12PersistentEncounterRuntimeTest" time="0.015"/>
  <testcase name="zeroHealthLossCannotQualify()" classname="com.inigmasgames.hytalerpg.Stage12PersistentEncounterRuntimeTest" time="0.018"/>
  <testcase name="characterLevelReadDoesNotCompileOrMutateLoadout()" classname="com.inigmasgames.hytalerpg.Stage12PersistentEncounterRuntimeTest" time="0.003"/>
  <testcase name="disconnectDoesNotEraseEnemyCreditButExpiryStillApplies()" classname="com.inigmasgames.hytalerpg.Stage12PersistentEncounterRuntimeTest" time="0.025"/>
  <system-out><![CDATA[]]></system-out>
  <system-err><![CDATA[]]></system-err>
</testsuite>
