<?xml version="1.0" encoding="UTF-8"?>
<testsuite name="com.inigmasgames.hytalerpg.Stage12SupportCreditTest" tests="24" skipped="0" failures="0" errors="0" timestamp="2026-09-12T17:56:18.722Z" hostname="GRAHAM" time="0.611">
  <properties/>
  <testcase name="healCanSupportMultipleRecentEncountersButNotAnUnrelatedOne()" classname="com.inigmasgames.hytalerpg.Stage12SupportCreditTest" time="0.075"/>
  <testcase name="negativeAndNonfiniteHealingCannotCredit()" classname="com.inigmasgames.hytalerpg.Stage12SupportCreditTest" time="0.029"/>
  <testcase name="providerFailureDoesNotSilentlyRepriceAsSolo()" classname="com.inigmasgames.hytalerpg.Stage12SupportCreditTest" time="0.002"/>
  <testcase name="coherentTrustedMembershipProducesOneCommonPot()" classname="com.inigmasgames.hytalerpg.Stage12SupportCreditTest" time="0.049"/>
  <testcase name="shieldProviderGetsActualConsumedHostileCredit()" classname="com.inigmasgames.hytalerpg.Stage12SupportCreditTest" time="0.048"/>
  <testcase name="candidateBudgetIsExplicitBeforeCallingProvider()" classname="com.inigmasgames.hytalerpg.Stage12SupportCreditTest" time="0.003"/>
  <testcase name="persistedPartyDeathNeverRerollsAfterPartyChange()" classname="com.inigmasgames.hytalerpg.Stage12SupportCreditTest" time="0.046"/>
  <testcase name="nonOverhealSupportPersistsBeforeDeathAndNeedsNoLastHit()" classname="com.inigmasgames.hytalerpg.Stage12SupportCreditTest" time="0.043"/>
  <testcase name="providerCannotReturnNullSnapshotOrNullParty()" classname="com.inigmasgames.hytalerpg.Stage12SupportCreditTest" time="0.003"/>
  <testcase name="missingMembershipMeansSoloNotInferredAlliance()" classname="com.inigmasgames.hytalerpg.Stage12SupportCreditTest" time="0.001"/>
  <testcase name="providerCannotSmuggleUnqueriedPlayer()" classname="com.inigmasgames.hytalerpg.Stage12SupportCreditTest" time="0.002"/>
  <testcase name="candidateWorldLoadedAndUniquenessAreValidated()" classname="com.inigmasgames.hytalerpg.Stage12SupportCreditTest" time="0.002"/>
  <testcase name="overhealDoesNotAddContributor()" classname="com.inigmasgames.hytalerpg.Stage12SupportCreditTest" time="0.043"/>
  <testcase name="unavailablePartyProviderExplicitlyKeepsSolo()" classname="com.inigmasgames.hytalerpg.Stage12SupportCreditTest" time="0.002"/>
  <testcase name="disallowedAllyDoesNotAddContributor()" classname="com.inigmasgames.hytalerpg.Stage12SupportCreditTest" time="0.029"/>
  <testcase name="supportOnlyCannotKeepFarmMasteryActiveForever()" classname="com.inigmasgames.hytalerpg.Stage12SupportCreditTest" time="0.035"/>
  <testcase name="emptyOrFriendlyShieldDoesNotGetSupportCredit()" classname="com.inigmasgames.hytalerpg.Stage12SupportCreditTest" time="0.038"/>
  <testcase name="frozenDeathCannotGainLaterHealer()" classname="com.inigmasgames.hytalerpg.Stage12SupportCreditTest" time="0.039"/>
  <testcase name="unknownOrStaleBeneficiaryCannotCreateEncounterCredit()" classname="com.inigmasgames.hytalerpg.Stage12SupportCreditTest" time="0.03"/>
  <testcase name="deadOrConvertedEncounterCannotBeRefreshedByHeal()" classname="com.inigmasgames.hytalerpg.Stage12SupportCreditTest" time="0.048"/>
  <testcase name="partySnapshotCannotChangeAfterReturn()" classname="com.inigmasgames.hytalerpg.Stage12SupportCreditTest" time="0.003"/>
  <testcase name="providerReceivesImmutableCandidateSet()" classname="com.inigmasgames.hytalerpg.Stage12SupportCreditTest" time="0.001"/>
  <testcase name="providerCannotUseBlankControlOrOversizedPartyIds()" classname="com.inigmasgames.hytalerpg.Stage12SupportCreditTest" time="0.002"/>
  <testcase name="wrongWorldCannotCreditHealing()" classname="com.inigmasgames.hytalerpg.Stage12SupportCreditTest" time="0.035"/>
  <system-out><![CDATA[]]></system-out>
  <system-err><![CDATA[]]></system-err>
</testsuite>
