<?xml version="1.0" encoding="UTF-8"?>
<testsuite name="com.inigmasgames.hytalerpg.R024NativeExecutionInputTest" tests="5" skipped="0" failures="0" errors="0" timestamp="2026-09-12T17:55:52.098Z" hostname="GRAHAM" time="0.009">
  <properties/>
  <testcase name="signatureAbility4ForeignRunesAndWrongSlotsNeverExecute()" classname="com.inigmasgames.hytalerpg.R024NativeExecutionInputTest" time="0.003"/>
  <testcase name="inboundTrafficCannotAlsoActivateInProduction()" classname="com.inigmasgames.hytalerpg.R024NativeExecutionInputTest" time="0.002"/>
  <testcase name="controlSuppressionAppliesAtBothEnqueueAndDrain()" classname="com.inigmasgames.hytalerpg.R024NativeExecutionInputTest" time="0.001"/>
  <testcase name="perPlayerQueueIsBoundedAndTeardownClearsIt()" classname="com.inigmasgames.hytalerpg.R024NativeExecutionInputTest" time="0.002"/>
  <testcase name="serverCallbackMapsTwoSlotsOncePerActualChainAndKeepsCorrelation()" classname="com.inigmasgames.hytalerpg.R024NativeExecutionInputTest" time="0.001"/>
  <system-out><![CDATA[]]></system-out>
  <system-err><![CDATA[]]></system-err>
</testsuite>
