<?xml version="1.0" encoding="UTF-8"?>
<testsuite name="com.inigmasgames.hytalerpg.Stage13ProjectileSpawnDiagnosticsTest" tests="3" skipped="0" failures="0" errors="0" timestamp="2026-09-12T17:56:44.247Z" hostname="GRAHAM" time="0.002">
  <properties/>
  <testcase name="exactNativeEnumMapFailureHasStableSafeCodeAndFirstBoundaryWins()" classname="com.inigmasgames.hytalerpg.Stage13ProjectileSpawnDiagnosticsTest" time="0.001"/>
  <testcase name="preCarrierBatchErrorsRemainDistinguishable()" classname="com.inigmasgames.hytalerpg.Stage13ProjectileSpawnDiagnosticsTest" time="0.001"/>
  <testcase name="everySpawnStageSurvivesRollbackWithoutChangingOriginalException()" classname="com.inigmasgames.hytalerpg.Stage13ProjectileSpawnDiagnosticsTest" time="0.0"/>
  <system-out><![CDATA[]]></system-out>
  <system-err><![CDATA[]]></system-err>
</testsuite>
