<?xml version="1.0" encoding="UTF-8"?>
<testsuite name="com.inigmasgames.hytalerpg.Stage13ShieldHandoffRecoveryTest" tests="7" skipped="0" failures="0" errors="0" timestamp="2026-09-12T17:56:44.301Z" hostname="GRAHAM" time="1.861">
  <properties/>
  <testcase name="[1] BEFORE_DEBIT" classname="com.inigmasgames.hytalerpg.Stage13ShieldHandoffRecoveryTest" time="0.171"/>
  <testcase name="[2] DEBIT_BEFORE_PUBLICATION" classname="com.inigmasgames.hytalerpg.Stage13ShieldHandoffRecoveryTest" time="0.16"/>
  <testcase name="[3] OWNER_HIT" classname="com.inigmasgames.hytalerpg.Stage13ShieldHandoffRecoveryTest" time="0.188"/>
  <testcase name="[4] SHARED_HIT" classname="com.inigmasgames.hytalerpg.Stage13ShieldHandoffRecoveryTest" time="0.189"/>
  <testcase name="[5] CLEAN_SETTLEMENT" classname="com.inigmasgames.hytalerpg.Stage13ShieldHandoffRecoveryTest" time="0.175"/>
  <testcase name="[6] ENCOUNTER_CONTRIBUTION_DURABLE" classname="com.inigmasgames.hytalerpg.Stage13ShieldHandoffRecoveryTest" time="0.464"/>
  <testcase name="[7] ENCOUNTER_PLAN_DURABLE" classname="com.inigmasgames.hytalerpg.Stage13ShieldHandoffRecoveryTest" time="0.514"/>
  <system-out><![CDATA[]]></system-out>
  <system-err><![CDATA[]]></system-err>
</testsuite>
