<?xml version="1.0" encoding="UTF-8"?>
<testsuite name="com.inigmasgames.hytalerpg.R016CorrectionTest" tests="6" skipped="0" failures="0" errors="0" timestamp="2026-09-12T20:14:22.630Z" hostname="GRAHAM" time="0.077">
  <properties/>
  <testcase name="catalogProjectionSupportsTabsSearchWeaponFiltersDetailsAndPlaceholderIcon()" classname="com.inigmasgames.hytalerpg.R016CorrectionTest" time="0.033"/>
  <testcase name="normalUiLoggerContainsActualValuesAndSuppressesRoutineHudInfo()" classname="com.inigmasgames.hytalerpg.R016CorrectionTest" time="0.022"/>
  <testcase name="staticAssignmentsProduceAuthoritativeEdgesAndCompatibilityFailureRollsBackAtomically()" classname="com.inigmasgames.hytalerpg.R016CorrectionTest" time="0.012"/>
  <testcase name="r021KeepsContinuousXpWithNoRpgResourceOrAbilityControls()" classname="com.inigmasgames.hytalerpg.R016CorrectionTest" time="0.002"/>
  <testcase name="staticTopologyIsExactlyTheOwnerSuppliedThreeBranchAdjacency()" classname="com.inigmasgames.hytalerpg.R016CorrectionTest" time="0.001"/>
  <testcase name="installedNativeHudExposesAbilitiesComponentAndAbilitySlotsProjectionApi()" classname="com.inigmasgames.hytalerpg.R016CorrectionTest" time="0.004"/>
  <system-out><![CDATA[]]></system-out>
  <system-err><![CDATA[Sep 12, 2026 4:14:22 PM com.inigmasgames.hytalerpg.ui.trace.RpgUiTraceService trace
INFO: RPG_UI_TRACE revision=R032 event=SKILLTREE_TEST player=8bc169be-db34-4e4f-bfaa-c9463ab93c89 correlation=corr-16 result=PASS jsonl=C:\Users\Zemio\AppData\Local\Temp\junit-1519287325214644541\ui-trace.jsonl consoleRateLimited=true
]]></system-err>
</testsuite>
