<?xml version="1.0" encoding="UTF-8"?>
<testsuite name="com.inigmasgames.hytalerpg.Stage13PresentationAHTest" tests="3" skipped="0" failures="0" errors="0" timestamp="2026-09-12T20:24:28.728Z" hostname="GRAHAM" time="0.016">
  <properties/>
  <testcase name="carrierHasExplicitExistingNativeTextureNotTheFailedInferredEmptyPng()" classname="com.inigmasgames.hytalerpg.Stage13PresentationAHTest" time="0.007"/>
  <testcase name="allStaffAttachmentsAreFiniteCosmeticChannelEffectsAndNoPermanentBronzeParticles()" classname="com.inigmasgames.hytalerpg.Stage13PresentationAHTest" time="0.006"/>
  <testcase name="executionParticipatesInNativeStatModificationOrdering()" classname="com.inigmasgames.hytalerpg.Stage13PresentationAHTest" time="0.003"/>
  <system-out><![CDATA[]]></system-out>
  <system-err><![CDATA[]]></system-err>
</testsuite>
