<?xml version="1.0" encoding="UTF-8"?>
<testsuite name="com.inigmasgames.hytalerpg.Stage13ShieldHandoffRecoveryTest" tests="7" skipped="0" failures="0" errors="0" timestamp="2026-09-12T20:15:10.364Z" hostname="GRAHAM" time="1.898">
  <properties/>
  <testcase name="[1] BEFORE_DEBIT" classname="com.inigmasgames.hytalerpg.Stage13ShieldHandoffRecoveryTest" time="0.18"/>
  <testcase name="[2] DEBIT_BEFORE_PUBLICATION" classname="com.inigmasgames.hytalerpg.Stage13ShieldHandoffRecoveryTest" time="0.176"/>
  <testcase name="[3] OWNER_HIT" classname="com.inigmasgames.hytalerpg.Stage13ShieldHandoffRecoveryTest" time="0.174"/>
  <testcase name="[4] SHARED_HIT" classname="com.inigmasgames.hytalerpg.Stage13ShieldHandoffRecoveryTest" time="0.174"/>
  <testcase name="[5] CLEAN_SETTLEMENT" classname="com.inigmasgames.hytalerpg.Stage13ShieldHandoffRecoveryTest" time="0.184"/>
  <testcase name="[6] ENCOUNTER_CONTRIBUTION_DURABLE" classname="com.inigmasgames.hytalerpg.Stage13ShieldHandoffRecoveryTest" time="0.479"/>
  <testcase name="[7] ENCOUNTER_PLAN_DURABLE" classname="com.inigmasgames.hytalerpg.Stage13ShieldHandoffRecoveryTest" time="0.53"/>
  <system-out><![CDATA[]]></system-out>
  <system-err><![CDATA[]]></system-err>
</testsuite>
