<?xml version="1.0" encoding="UTF-8"?>
<testsuite name="com.inigmasgames.hytalerpg.Stage13NativeProjectileConstructionTest" tests="6" skipped="0" failures="0" errors="0" timestamp="2026-09-09T22:49:29.400Z" hostname="GRAHAM" time="0.023">
  <properties/>
  <testcase name="compatibleViewKeepsZeroNativeRootsAndDoesNotMutateConfig()" classname="com.inigmasgames.hytalerpg.Stage13NativeProjectileConstructionTest" time="0.013"/>
  <testcase name="spawnViewCapturesOnlyTheNativePhysicsPreparedHolder()" classname="com.inigmasgames.hytalerpg.Stage13NativeProjectileConstructionTest" time="0.004"/>
  <testcase name="typedEmptyAndNonemptyNativeConfigsDoNotNeedAdaptation()" classname="com.inigmasgames.hytalerpg.Stage13NativeProjectileConstructionTest" time="0.001"/>
  <testcase name="nativePhysicsFailureKeepsOriginalExceptionAndPreciseBoundary()" classname="com.inigmasgames.hytalerpg.Stage13NativeProjectileConstructionTest" time="0.002"/>
  <testcase name="compatibilityViewExplicitlyDelegatesEntireInstalledPublicConfigContract()" classname="com.inigmasgames.hytalerpg.Stage13NativeProjectileConstructionTest" time="0.001"/>
  <testcase name="installedCodecAndConstructorReproduceExactEmptyMapException()" classname="com.inigmasgames.hytalerpg.Stage13NativeProjectileConstructionTest" time="0.001"/>
  <system-out><![CDATA[]]></system-out>
  <system-err><![CDATA[]]></system-err>
</testsuite>
