<?xml version="1.0" encoding="UTF-8"?>
<testsuite name="com.inigmasgames.hytalerpg.Stage13PresentationAETest" tests="4" skipped="0" failures="0" errors="0" timestamp="2026-09-12T19:06:25.152Z" hostname="GRAHAM" time="0.032">
  <properties/>
  <testcase name="blizzardHudSeparatesActiveCooldownFromManaFailureWithoutWritingGameplay()" classname="com.inigmasgames.hytalerpg.Stage13PresentationAETest" time="0.006"/>
  <testcase name="radialMaskCoversIconCentreAndFaceInsteadOfOnlyTransparentCentreRing()" classname="com.inigmasgames.hytalerpg.Stage13PresentationAETest" time="0.022"/>
  <testcase name="countdownNeverShowsReadyZeroWhileCooldownIsStillActive()" classname="com.inigmasgames.hytalerpg.Stage13PresentationAETest" time="0.0"/>
  <testcase name="lowStaminaHasDistinctFeedbackAndEmptySlotsDoNotReportResourceFailure()" classname="com.inigmasgames.hytalerpg.Stage13PresentationAETest" time="0.004"/>
  <system-out><![CDATA[]]></system-out>
  <system-err><![CDATA[]]></system-err>
</testsuite>
