<?xml version="1.0" encoding="UTF-8"?>
<testsuite name="com.inigmasgames.hytalerpg.progress.Stage13V2GroupCrashRecoveryTest" tests="8" skipped="0" failures="0" errors="0" timestamp="2026-09-12T19:06:59.165Z" hostname="GRAHAM" time="3.657">
  <properties/>
  <testcase name="[1] AFTER_FIRST_FRAME" classname="com.inigmasgames.hytalerpg.progress.Stage13V2GroupCrashRecoveryTest" time="0.448"/>
  <testcase name="[2] AFTER_GROUP_APPEND" classname="com.inigmasgames.hytalerpg.progress.Stage13V2GroupCrashRecoveryTest" time="0.438"/>
  <testcase name="[3] BEFORE_FORCE" classname="com.inigmasgames.hytalerpg.progress.Stage13V2GroupCrashRecoveryTest" time="0.409"/>
  <testcase name="[4] AFTER_GROUP_FORCE" classname="com.inigmasgames.hytalerpg.progress.Stage13V2GroupCrashRecoveryTest" time="0.419"/>
  <testcase name="[5] BEFORE_ACKNOWLEDGEMENTS" classname="com.inigmasgames.hytalerpg.progress.Stage13V2GroupCrashRecoveryTest" time="0.411"/>
  <testcase name="[6] MID_ACKNOWLEDGEMENTS" classname="com.inigmasgames.hytalerpg.progress.Stage13V2GroupCrashRecoveryTest" time="0.413"/>
  <testcase name="[7] ANOTHER_GROUP_QUEUED" classname="com.inigmasgames.hytalerpg.progress.Stage13V2GroupCrashRecoveryTest" time="0.684"/>
  <testcase name="[8] CHECKPOINT_WORKER_STARTED" classname="com.inigmasgames.hytalerpg.progress.Stage13V2GroupCrashRecoveryTest" time="0.435"/>
  <system-out><![CDATA[]]></system-out>
  <system-err><![CDATA[]]></system-err>
</testsuite>
