<?xml version="1.0" encoding="UTF-8"?>
<testsuite name="com.inigmasgames.hytalerpg.R022NativeAbilitySynchronizationTest" tests="2" skipped="0" failures="0" errors="0" timestamp="2026-09-12T19:05:39.829Z" hostname="GRAHAM" time="0.001">
  <properties/>
  <testcase name="bridgeIsBranchlessAndContainsNoGameplayMutation()" classname="com.inigmasgames.hytalerpg.R022NativeAbilitySynchronizationTest" time="0.001"/>
  <testcase name="runtimeAuditTargetsThePackagedRootId()" classname="com.inigmasgames.hytalerpg.R022NativeAbilitySynchronizationTest" time="0.0"/>
  <system-out><![CDATA[]]></system-out>
  <system-err><![CDATA[]]></system-err>
</testsuite>
