<?xml version="1.0" encoding="UTF-8"?>
<testsuite name="com.inigmasgames.hytalerpg.Stage13SnipeReleaseTest" tests="6" skipped="0" failures="0" errors="0" timestamp="2026-09-12T19:06:27.271Z" hostname="GRAHAM" time="0.03">
  <properties/>
  <testcase name="releaseRevalidatesEquipmentResourcesAndDeathBeforePayment()" classname="com.inigmasgames.hytalerpg.Stage13SnipeReleaseTest" time="0.009"/>
  <testcase name="changedSkillCannotBeCastByAnOldHeldSnipeChain()" classname="com.inigmasgames.hytalerpg.Stage13SnipeReleaseTest" time="0.003"/>
  <testcase name="onlySnipeUsesHoldReleaseRoot()" classname="com.inigmasgames.hytalerpg.Stage13SnipeReleaseTest" time="0.0"/>
  <testcase name="forkHomingAndOrbitDoNotRestoreTheObsoleteNativeMaximumGate()" classname="com.inigmasgames.hytalerpg.Stage13SnipeReleaseTest" time="0.011"/>
  <testcase name="releaseCallbackUsesExistingOncePerChainDeliveryAndBindsSnipe()" classname="com.inigmasgames.hytalerpg.Stage13SnipeReleaseTest" time="0.004"/>
  <testcase name="releasedRootPaysOnceAndUsesNativeChargedPhysicsIntoEmptySpace()" classname="com.inigmasgames.hytalerpg.Stage13SnipeReleaseTest" time="0.003"/>
  <system-out><![CDATA[]]></system-out>
  <system-err><![CDATA[]]></system-err>
</testsuite>
