<?xml version="1.0" encoding="UTF-8"?>
<testsuite name="com.inigmasgames.hytalerpg.Stage13EscrowArchiveRollbackTest" tests="1" skipped="0" failures="0" errors="0" timestamp="2026-09-12T19:06:12.565Z" hostname="GRAHAM" time="0.305">
  <properties/>
  <testcase name="exactStageIReaderHonorsEscrowDebitAndCompletedRewardOnCoordinatedCopy()" classname="com.inigmasgames.hytalerpg.Stage13EscrowArchiveRollbackTest" time="0.305"/>
  <system-out><![CDATA[]]></system-out>
  <system-err><![CDATA[]]></system-err>
</testsuite>
