<?xml version="1.0" encoding="UTF-8"?>
<testsuite name="com.inigmasgames.hytalerpg.progress.Stage13V2CrashRecoveryTest" tests="25" skipped="0" failures="0" errors="0" timestamp="2026-09-12T20:15:28.532Z" hostname="GRAHAM" time="12.39">
  <properties/>
  <testcase name="[1] PREPARE_CREATED" classname="com.inigmasgames.hytalerpg.progress.Stage13V2CrashRecoveryTest" time="0.316"/>
  <testcase name="[2] PREPARE_HEADER_WRITTEN" classname="com.inigmasgames.hytalerpg.progress.Stage13V2CrashRecoveryTest" time="0.323"/>
  <testcase name="[3] PREPARE_FORCED" classname="com.inigmasgames.hytalerpg.progress.Stage13V2CrashRecoveryTest" time="0.319"/>
  <testcase name="[4] MANIFEST_PARTIAL_WRITE" classname="com.inigmasgames.hytalerpg.progress.Stage13V2CrashRecoveryTest" time="0.343"/>
  <testcase name="[5] MANIFEST_BEFORE_FORCE" classname="com.inigmasgames.hytalerpg.progress.Stage13V2CrashRecoveryTest" time="0.339"/>
  <testcase name="[6] MANIFEST_AFTER_FORCE" classname="com.inigmasgames.hytalerpg.progress.Stage13V2CrashRecoveryTest" time="0.351"/>
  <testcase name="[7] MANIFEST_PUBLISHED" classname="com.inigmasgames.hytalerpg.progress.Stage13V2CrashRecoveryTest" time="0.334"/>
  <testcase name="[1] PREPARE_CREATED" classname="com.inigmasgames.hytalerpg.progress.Stage13V2CrashRecoveryTest" time="0.727"/>
  <testcase name="[2] PREPARE_HEADER_WRITTEN" classname="com.inigmasgames.hytalerpg.progress.Stage13V2CrashRecoveryTest" time="0.529"/>
  <testcase name="[3] PREPARE_FORCED" classname="com.inigmasgames.hytalerpg.progress.Stage13V2CrashRecoveryTest" time="0.501"/>
  <testcase name="[4] ACTIVATION_WRITTEN" classname="com.inigmasgames.hytalerpg.progress.Stage13V2CrashRecoveryTest" time="0.495"/>
  <testcase name="[5] ACTIVATION_FORCED" classname="com.inigmasgames.hytalerpg.progress.Stage13V2CrashRecoveryTest" time="0.496"/>
  <testcase name="[6] BEFORE_ACTIVE_SWITCH" classname="com.inigmasgames.hytalerpg.progress.Stage13V2CrashRecoveryTest" time="0.495"/>
  <testcase name="[7] AFTER_ACTIVE_SWITCH" classname="com.inigmasgames.hytalerpg.progress.Stage13V2CrashRecoveryTest" time="0.502"/>
  <testcase name="[8] BUNDLE_SERIALIZATION" classname="com.inigmasgames.hytalerpg.progress.Stage13V2CrashRecoveryTest" time="0.497"/>
  <testcase name="[9] BUNDLE_PARTIAL_WRITE" classname="com.inigmasgames.hytalerpg.progress.Stage13V2CrashRecoveryTest" time="0.53"/>
  <testcase name="[10] BUNDLE_BEFORE_FORCE" classname="com.inigmasgames.hytalerpg.progress.Stage13V2CrashRecoveryTest" time="0.834"/>
  <testcase name="[11] BUNDLE_AFTER_FORCE" classname="com.inigmasgames.hytalerpg.progress.Stage13V2CrashRecoveryTest" time="0.534"/>
  <testcase name="[12] BUNDLES_DURABLE" classname="com.inigmasgames.hytalerpg.progress.Stage13V2CrashRecoveryTest" time="0.539"/>
  <testcase name="[13] MANIFEST_PARTIAL_WRITE" classname="com.inigmasgames.hytalerpg.progress.Stage13V2CrashRecoveryTest" time="0.604"/>
  <testcase name="[14] MANIFEST_BEFORE_FORCE" classname="com.inigmasgames.hytalerpg.progress.Stage13V2CrashRecoveryTest" time="0.614"/>
  <testcase name="[15] MANIFEST_AFTER_FORCE" classname="com.inigmasgames.hytalerpg.progress.Stage13V2CrashRecoveryTest" time="0.612"/>
  <testcase name="[16] MANIFEST_PUBLISHED" classname="com.inigmasgames.hytalerpg.progress.Stage13V2CrashRecoveryTest" time="0.541"/>
  <testcase name="[17] BEFORE_WAL_RETIRE" classname="com.inigmasgames.hytalerpg.progress.Stage13V2CrashRecoveryTest" time="0.538"/>
  <testcase name="[18] DURING_WAL_RETIRE" classname="com.inigmasgames.hytalerpg.progress.Stage13V2CrashRecoveryTest" time="0.467"/>
  <system-out><![CDATA[]]></system-out>
  <system-err><![CDATA[]]></system-err>
</testsuite>
