<?xml version="1.0" encoding="UTF-8"?>
<testsuite name="com.inigmasgames.canvasui.runtime.CoordinateAndDragTest" tests="6" skipped="0" failures="0" errors="0" timestamp="2026-09-12T20:15:52.608Z" hostname="GRAHAM" time="0.005">
  <properties/>
  <testcase name="screenCanvasTransformsAreExactInversesAtFixedZoom()" classname="com.inigmasgames.canvasui.runtime.CoordinateAndDragTest" time="0.0"/>
  <testcase name="hitTestingDraggingAndEdgeAnchorsRemainCorrectAtNonUnitZoom()" classname="com.inigmasgames.canvasui.runtime.CoordinateAndDragTest" time="0.003"/>
  <testcase name="hitTestingUsesCanvasCoordinatesAndPrioritizesPorts()" classname="com.inigmasgames.canvasui.runtime.CoordinateAndDragTest" time="0.0"/>
  <testcase name="viewportMovesBothEdgeEndpointsWithoutChangingGraphCoordinates()" classname="com.inigmasgames.canvasui.runtime.CoordinateAndDragTest" time="0.001"/>
  <testcase name="panningChangesOnlyViewport()" classname="com.inigmasgames.canvasui.runtime.CoordinateAndDragTest" time="0.001"/>
  <testcase name="dragPreservesGrabOffsetAndUsesFourUnitThreshold()" classname="com.inigmasgames.canvasui.runtime.CoordinateAndDragTest" time="0.0"/>
  <system-out><![CDATA[]]></system-out>
  <system-err><![CDATA[]]></system-err>
</testsuite>
