<?xml version="1.0" encoding="UTF-8"?>
<testsuite name="com.inigmasgames.hytalerpg.Stage13DurabilityLoadTest" tests="1" skipped="0" failures="0" errors="0" timestamp="2026-09-11T22:02:44.170Z" hostname="GRAHAM" time="0.425">
  <properties/>
  <testcase name="fourActorSixteenVictimDurableContributionLoadIsMeasuredAndRestores()" classname="com.inigmasgames.hytalerpg.Stage13DurabilityLoadTest" time="0.425"/>
  <system-out><![CDATA[STAGE13_DURABILITY_LOAD {"scope":"REAL_FILE_ENCOUNTER_CONTRIBUTIONS_ONLY_NOT_NATIVE_TICK_PROOF","actors":4,"victims":16,"updatesPerSample":64,"samples":60,"p50Ms":4.5347,"p95Ms":8.1533,"p99Ms":19.8667,"targetP95Ms":4,"targetP99Ms":8,"withinNominalRpgTickBudget":false,"connectedProof":false,"restoredContributorCounts":true,"nativePhysicsAiNetworkRenderingMeasured":false,"persistenceTimings":{"JOURNAL_APPEND":{"maxMs":0.2229,"p95Ms":0.1798,"p50Ms":0.1035,"count":119,"totalMs":9.5595,"p99Ms":0.2106,"retainedSamples":119},"JOURNAL_FORCE":{"maxMs":5.9372,"p95Ms":1.9384,"p50Ms":1.8616,"count":119,"totalMs":227.7876,"p99Ms":3.3741,"retainedSamples":119},"CHECKPOINT_SERIALIZATION":{"maxMs":2.2781,"p95Ms":2.2781,"p50Ms":1.8704,"count":3,"totalMs":5.846,"p99Ms":2.2781,"retainedSamples":3},"CHECKPOINT_WRITE":{"maxMs":0.4475,"p95Ms":0.4475,"p50Ms":0.2926,"count":6,"totalMs":1.9504,"p99Ms":0.4475,"retainedSamples":6},"CHECKPOINT_FORCE":{"maxMs":3.6866,"p95Ms":3.6866,"p50Ms":1.9378,"count":9,"totalMs":22.3904,"p99Ms":3.6866,"retainedSamples":9},"GROUP_WAIT":{"maxMs":6.4366,"p95Ms":5.234,"p50Ms":1.8028,"count":3840,"totalMs":8568.626,"p99Ms":6.2113,"retainedSamples":3840},"DURABLE_ACK":{"maxMs":16.3433,"p95Ms":7.6928,"p50Ms":4.1411,"count":3840,"totalMs":18343.159,"p99Ms":15.7019,"retainedSamples":3840},"CHECKPOINT_QUEUE":{"maxMs":0.827,"p95Ms":0.827,"p50Ms":0.044,"count":3,"totalMs":0.9086,"p99Ms":0.827,"retainedSamples":3},"CHECKPOINT_SCHEDULING":{"maxMs":0.6622,"p95Ms":0.6622,"p50Ms":0.0247,"count":3,"totalMs":0.7061,"p99Ms":0.6622,"retainedSamples":3},"CHECKPOINT_ROTATION":{"maxMs":0.0348,"p95Ms":0.0348,"p50Ms":0.0086,"count":3,"totalMs":0.0518,"p99Ms":0.0348,"retainedSamples":3},"CHECKPOINT_BACKPRESSURE":{"maxMs":0.02,"p95Ms":0.02,"p50Ms":0.0039,"count":3,"totalMs":0.0276,"p99Ms":0.02,"retainedSamples":3},"GROUP_CPU":{"maxMs":15.625,"p95Ms":0.0,"p50Ms":0.0,"count":119,"totalMs":31.25,"p99Ms":15.625,"retainedSamples":119},"GROUP_WALL":{"maxMs":10.4634,"p95Ms":3.8468,"p50Ms":2.1416,"count":119,"totalMs":285.2593,"p99Ms":6.3941,"retainedSamples":119},"ENCODE_VALIDATE":{"maxMs":6.112,"p95Ms":0.3129,"p50Ms":0.0657,"count":119,"totalMs":17.1172,"p99Ms":0.5604,"retainedSamples":119},"FOREGROUND_BARRIER_WAIT":{"maxMs":3.6182,"p95Ms":1.8065,"p50Ms":0.004,"count":119,"totalMs":22.1821,"p99Ms":3.5842,"retainedSamples":119},"MAINTENANCE_BARRIER_WAIT":{"maxMs":21.7105,"p95Ms":21.7105,"p50Ms":4.4995,"count":9,"totalMs":66.5389,"p99Ms":21.7105,"retainedSamples":9},"SUCCESSOR_PREPARATION":{"maxMs":24.5472,"p95Ms":24.5472,"p50Ms":20.3157,"count":3,"totalMs":50.1371,"p99Ms":24.5472,"retainedSamples":3},"SUCCESSOR_ACTIVATION":{"maxMs":0.0874,"p95Ms":0.0874,"p50Ms":0.0643,"count":3,"totalMs":0.2084,"p99Ms":0.0874,"retainedSamples":3},"PREPARED_WAIT":{"maxMs":0.0011,"p95Ms":0.0011,"p50Ms":0.001,"count":3,"totalMs":0.003,"p99Ms":0.0011,"retainedSamples":3},"FORCE_TO_COMPLETION":{"maxMs":1.0464,"p95Ms":0.4258,"p50Ms":0.1704,"count":3840,"totalMs":739.2154,"p99Ms":0.6108,"retainedSamples":3840},"PRECOMMIT_VALIDATION":{"maxMs":1.8737,"p95Ms":0.0248,"p50Ms":0.0105,"count":119,"totalMs":2.8936,"p99Ms":0.0391,"retainedSamples":119},"SEALED_OPERATION_TO_FORCE":{"maxMs":16.2211,"p95Ms":7.5477,"p50Ms":3.9952,"count":3840,"totalMs":17622.7422,"p99Ms":14.9857,"retainedSamples":3840}},"grouping":{"admissionRejections":0,"recordsPerGroup":{"1":43,"2":16,"62":16,"63":43,"64":1},"maxPendingOperations":64,"bytesPerGroup":{"130":43,"260":16,"8060":16,"8190":43,"8320":1},"maxCheckpointBacklog":1,"maxPendingRecords":64},"forcesPerSample":[1,2,2,2,2,2,2,2,2,2,2,2,2,2,2,2,2,2,2,2,2,2,2,2,2,2,2,2,2,2,2,2,2,2,2,2,2,2,2,2,2,2,2,2,2,2,2,2,2,2,2,2,2,2,2,2,2,2,2,2],"orderedSamplesMs":[19.8667,5.359,5.3813,5.2824,5.1431,4.7092,4.7809,4.6313,4.5347,4.5066,4.3872,4.5795,4.4107,4.3732,4.6007,4.5003,6.3505,6.8753,8.1533,6.3655,4.4452,4.4868,4.4378,4.4623,4.3312,4.3285,4.5088,4.4833,4.3077,4.3927,5.9351,4.4637,5.0165,6.5397,4.5858,8.2472,6.2542,4.4815,4.3928,4.525,4.5861,4.7982,4.6526,4.4953,4.454,4.7443,4.5003,4.7157,9.2445,6.4261,6.6375,7.9288,4.5515,4.3874,4.1742,4.386,4.2868,4.2478,4.258,4.3496],"barriers":{"forceEvents":[{"queuedOperations":64,"writerSuspended":false,"kind":"FOREGROUND"},{"queuedOperations":8,"writerSuspended":false,"kind":"FOREGROUND"},{"queuedOperations":63,"writerSuspended":false,"kind":"FOREGROUND"},{"queuedOperations":1,"writerSuspended":false,"kind":"FOREGROUND"},{"queuedOperations":63,"writerSuspended":false,"kind":"FOREGROUND"},{"queuedOperations":6,"writerSuspended":false,"kind":"FOREGROUND"},{"queuedOperations":63,"writerSuspended":false,"kind":"FOREGROUND"},{"queuedOperations":7,"writerSuspended":false,"kind":"FOREGROUND"},{"queuedOperations":63,"writerSuspended":false,"kind":"FOREGROUND"},{"queuedOperations":9,"writerSuspended":false,"kind":"FOREGROUND"},{"queuedOperations":63,"writerSuspended":false,"kind":"FOREGROUND"},{"queuedOperations":1,"writerSuspended":false,"kind":"FOREGROUND"},{"queuedOperations":63,"writerSuspended":false,"kind":"FOREGROUND"},{"queuedOperations":12,"writerSuspended":false,"kind":"FOREGROUND"},{"queuedOperations":63,"writerSuspended":false,"kind":"FOREGROUND"},{"queuedOperations":2,"writerSuspended":false,"kind":"FOREGROUND"},{"queuedOperations":63,"writerSuspended":false,"kind":"FOREGROUND"},{"queuedOperations":7,"writerSuspended":false,"kind":"FOREGROUND"},{"queuedOperations":62,"writerSuspended":false,"kind":"FOREGROUND"},{"queuedOperations":6,"writerSuspended":false,"kind":"FOREGROUND"},{"queuedOperations":63,"writerSuspended":false,"kind":"FOREGROUND"},{"queuedOperations":12,"writerSuspended":false,"kind":"FOREGROUND"},{"queuedOperations":62,"writerSuspended":false,"kind":"FOREGROUND"},{"queuedOperations":5,"writerSuspended":false,"kind":"FOREGROUND"},{"queuedOperations":63,"writerSuspended":false,"kind":"FOREGROUND"},{"queuedOperations":6,"writerSuspended":false,"kind":"FOREGROUND"},{"queuedOperations":62,"writerSuspended":false,"kind":"FOREGROUND"},{"queuedOperations":5,"writerSuspended":false,"kind":"FOREGROUND"},{"queuedOperations":63,"writerSuspended":false,"kind":"FOREGROUND"},{"queuedOperations":6,"writerSuspended":false,"kind":"FOREGROUND"},{"queuedOperations":63,"writerSuspended":false,"kind":"FOREGROUND"},{"queuedOperations":64,"writerSuspended":false,"kind":"FOREGROUND"},{"queuedOperations":63,"writerSuspended":false,"kind":"FOREGROUND"},{"queuedOperations":0,"writerSuspended":false,"kind":"BUNDLE"},{"queuedOperations":64,"writerSuspended":false,"kind":"FOREGROUND"},{"queuedOperations":63,"writerSuspended":false,"kind":"FOREGROUND"},{"queuedOperations":0,"writerSuspended":false,"kind":"MANIFEST"},{"queuedOperations":64,"writerSuspended":false,"kind":"FOREGROUND"},{"queuedOperations":63,"writerSuspended":false,"kind":"FOREGROUND"},{"queuedOperations":0,"writerSuspended":false,"kind":"PREPARATION"},{"queuedOperations":64,"writerSuspended":false,"kind":"FOREGROUND"},{"queuedOperations":63,"writerSuspended":false,"kind":"FOREGROUND"},{"queuedOperations":6,"writerSuspended":false,"kind":"FOREGROUND"},{"queuedOperations":63,"writerSuspended":false,"kind":"FOREGROUND"},{"queuedOperations":4,"writerSuspended":false,"kind":"FOREGROUND"},{"queuedOperations":63,"writerSuspended":false,"kind":"FOREGROUND"},{"queuedOperations":7,"writerSuspended":false,"kind":"FOREGROUND"},{"queuedOperations":63,"writerSuspended":false,"kind":"FOREGROUND"},{"queuedOperations":7,"writerSuspended":false,"kind":"FOREGROUND"},{"queuedOperations":63,"writerSuspended":false,"kind":"FOREGROUND"},{"queuedOperations":2,"writerSuspended":false,"kind":"FOREGROUND"},{"queuedOperations":63,"writerSuspended":false,"kind":"FOREGROUND"},{"queuedOperations":5,"writerSuspended":false,"kind":"FOREGROUND"},{"queuedOperations":63,"writerSuspended":false,"kind":"FOREGROUND"},{"queuedOperations":9,"writerSuspended":false,"kind":"FOREGROUND"},{"queuedOperations":63,"writerSuspended":false,"kind":"FOREGROUND"},{"queuedOperations":8,"writerSuspended":false,"kind":"FOREGROUND"},{"queuedOperations":63,"writerSuspended":false,"kind":"FOREGROUND"},{"queuedOperations":9,"writerSuspended":false,"kind":"FOREGROUND"},{"queuedOperations":63,"writerSuspended":false,"kind":"FOREGROUND"},{"queuedOperations":4,"writerSuspended":false,"kind":"FOREGROUND"},{"queuedOperations":63,"writerSuspended":false,"kind":"FOREGROUND"},{"queuedOperations":5,"writerSuspended":false,"kind":"FOREGROUND"},{"queuedOperations":63,"writerSuspended":false,"kind":"FOREGROUND"},{"queuedOperations":6,"writerSuspended":false,"kind":"FOREGROUND"},{"queuedOperations":63,"writerSuspended":false,"kind":"FOREGROUND"},{"queuedOperations":64,"writerSuspended":false,"kind":"FOREGROUND"},{"queuedOperations":62,"writerSuspended":false,"kind":"FOREGROUND"},{"queuedOperations":0,"writerSuspended":false,"kind":"BUNDLE"},{"queuedOperations":64,"writerSuspended":false,"kind":"FOREGROUND"},{"queuedOperations":63,"writerSuspended":false,"kind":"FOREGROUND"},{"queuedOperations":5,"writerSuspended":false,"kind":"FOREGROUND"},{"queuedOperations":63,"writerSuspended":false,"kind":"FOREGROUND"},{"queuedOperations":0,"writerSuspended":false,"kind":"MANIFEST"},{"queuedOperations":64,"writerSuspended":false,"kind":"FOREGROUND"},{"queuedOperations":62,"writerSuspended":false,"kind":"FOREGROUND"},{"queuedOperations":0,"writerSuspended":false,"kind":"PREPARATION"},{"queuedOperations":64,"writerSuspended":false,"kind":"FOREGROUND"},{"queuedOperations":63,"writerSuspended":false,"kind":"FOREGROUND"},{"queuedOperations":5,"writerSuspended":false,"kind":"FOREGROUND"},{"queuedOperations":63,"writerSuspended":false,"kind":"FOREGROUND"},{"queuedOperations":7,"writerSuspended":false,"kind":"FOREGROUND"},{"queuedOperations":63,"writerSuspended":false,"kind":"FOREGROUND"},{"queuedOperations":6,"writerSuspended":false,"kind":"FOREGROUND"},{"queuedOperations":63,"writerSuspended":false,"kind":"FOREGROUND"},{"queuedOperations":3,"writerSuspended":false,"kind":"FOREGROUND"},{"queuedOperations":63,"writerSuspended":false,"kind":"FOREGROUND"},{"queuedOperations":11,"writerSuspended":false,"kind":"FOREGROUND"},{"queuedOperations":62,"writerSuspended":false,"kind":"FOREGROUND"},{"queuedOperations":10,"writerSuspended":false,"kind":"FOREGROUND"},{"queuedOperations":62,"writerSuspended":false,"kind":"FOREGROUND"},{"queuedOperations":7,"writerSuspended":false,"kind":"FOREGROUND"},{"queuedOperations":63,"writerSuspended":false,"kind":"FOREGROUND"},{"queuedOperations":6,"writerSuspended":false,"kind":"FOREGROUND"},{"queuedOperations":63,"writerSuspended":false,"kind":"FOREGROUND"},{"queuedOperations":9,"writerSuspended":false,"kind":"FOREGROUND"},{"queuedOperations":62,"writerSuspended":false,"kind":"FOREGROUND"},{"queuedOperations":11,"writerSuspended":false,"kind":"FOREGROUND"},{"queuedOperations":62,"writerSuspended":false,"kind":"FOREGROUND"},{"queuedOperations":11,"writerSuspended":false,"kind":"FOREGROUND"},{"queuedOperations":62,"writerSuspended":false,"kind":"FOREGROUND"},{"queuedOperations":37,"writerSuspended":false,"kind":"FOREGROUND"},{"queuedOperations":63,"writerSuspended":false,"kind":"FOREGROUND"},{"queuedOperations":0,"writerSuspended":false,"kind":"PREPARATION"},{"queuedOperations":64,"writerSuspended":false,"kind":"FOREGROUND"},{"queuedOperations":62,"writerSuspended":false,"kind":"FOREGROUND"},{"queuedOperations":0,"writerSuspended":false,"kind":"BUNDLE"},{"queuedOperations":64,"writerSuspended":false,"kind":"FOREGROUND"},{"queuedOperations":63,"writerSuspended":false,"kind":"FOREGROUND"},{"queuedOperations":0,"writerSuspended":false,"kind":"MANIFEST"},{"queuedOperations":64,"writerSuspended":false,"kind":"FOREGROUND"},{"queuedOperations":62,"writerSuspended":false,"kind":"FOREGROUND"},{"queuedOperations":34,"writerSuspended":false,"kind":"FOREGROUND"},{"queuedOperations":62,"writerSuspended":false,"kind":"FOREGROUND"},{"queuedOperations":5,"writerSuspended":false,"kind":"FOREGROUND"},{"queuedOperations":63,"writerSuspended":false,"kind":"FOREGROUND"},{"queuedOperations":8,"writerSuspended":false,"kind":"FOREGROUND"},{"queuedOperations":62,"writerSuspended":false,"kind":"FOREGROUND"},{"queuedOperations":5,"writerSuspended":false,"kind":"FOREGROUND"},{"queuedOperations":63,"writerSuspended":false,"kind":"FOREGROUND"},{"queuedOperations":11,"writerSuspended":false,"kind":"FOREGROUND"},{"queuedOperations":62,"writerSuspended":false,"kind":"FOREGROUND"},{"queuedOperations":6,"writerSuspended":false,"kind":"FOREGROUND"},{"queuedOperations":63,"writerSuspended":false,"kind":"FOREGROUND"},{"queuedOperations":8,"writerSuspended":false,"kind":"FOREGROUND"},{"queuedOperations":62,"writerSuspended":false,"kind":"FOREGROUND"},{"queuedOperations":5,"writerSuspended":false,"kind":"FOREGROUND"},{"queuedOperations":63,"writerSuspended":false,"kind":"FOREGROUND"}],"forcesByClass":{"FOREGROUND":119,"PREPARATION":3,"BUNDLE":3,"MANIFEST":3},"overlapAttempts":18},"version2":{"bundleBytes":43332,"sealedOperationSizes":{"1":3840},"bundleCount":3,"dequeuedCommitBatches":[{"records":64,"forces":1},{"records":1,"forces":1},{"records":63,"forces":1},{"records":1,"forces":1},{"records":63,"forces":1},{"records":1,"forces":1},{"records":63,"forces":1},{"records":1,"forces":1},{"records":63,"forces":1},{"records":1,"forces":1},{"records":63,"forces":1},{"records":1,"forces":1},{"records":63,"forces":1},{"records":1,"forces":1},{"records":63,"forces":1},{"records":1,"forces":1},{"records":63,"forces":1},{"records":2,"forces":1},{"records":62,"forces":1},{"records":1,"forces":1},{"records":63,"forces":1},{"records":2,"forces":1},{"records":62,"forces":1},{"records":1,"forces":1},{"records":63,"forces":1},{"records":2,"forces":1},{"records":62,"forces":1},{"records":1,"forces":1},{"records":63,"forces":1},{"records":1,"forces":1},{"records":63,"forces":1},{"records":1,"forces":1},{"records":63,"forces":1},{"records":1,"forces":1},{"records":63,"forces":1},{"records":1,"forces":1},{"records":63,"forces":1},{"records":1,"forces":1},{"records":63,"forces":1},{"records":1,"forces":1},{"records":63,"forces":1},{"records":1,"forces":1},{"records":63,"forces":1},{"records":1,"forces":1},{"records":63,"forces":1},{"records":1,"forces":1},{"records":63,"forces":1},{"records":1,"forces":1},{"records":63,"forces":1},{"records":1,"forces":1},{"records":63,"forces":1},{"records":1,"forces":1},{"records":63,"forces":1},{"records":1,"forces":1},{"records":63,"forces":1},{"records":1,"forces":1},{"records":63,"forces":1},{"records":1,"forces":1},{"records":63,"forces":1},{"records":1,"forces":1},{"records":63,"forces":1},{"records":1,"forces":1},{"records":63,"forces":1},{"records":2,"forces":1},{"records":62,"forces":1},{"records":1,"forces":1},{"records":63,"forces":1},{"records":1,"forces":1},{"records":63,"forces":1},{"records":2,"forces":1},{"records":62,"forces":1},{"records":1,"forces":1},{"records":63,"forces":1},{"records":1,"forces":1},{"records":63,"forces":1},{"records":1,"forces":1},{"records":63,"forces":1},{"records":1,"forces":1},{"records":63,"forces":1},{"records":1,"forces":1},{"records":63,"forces":1},{"records":2,"forces":1},{"records":62,"forces":1},{"records":2,"forces":1},{"records":62,"forces":1},{"records":1,"forces":1},{"records":63,"forces":1},{"records":1,"forces":1},{"records":63,"forces":1},{"records":2,"forces":1},{"records":62,"forces":1},{"records":2,"forces":1},{"records":62,"forces":1},{"records":2,"forces":1},{"records":62,"forces":1},{"records":1,"forces":1},{"records":63,"forces":1},{"records":2,"forces":1},{"records":62,"forces":1},{"records":1,"forces":1},{"records":63,"forces":1},{"records":2,"forces":1},{"records":62,"forces":1},{"records":2,"forces":1},{"records":62,"forces":1},{"records":1,"forces":1},{"records":63,"forces":1},{"records":2,"forces":1},{"records":62,"forces":1},{"records":1,"forces":1},{"records":63,"forces":1},{"records":2,"forces":1},{"records":62,"forces":1},{"records":1,"forces":1},{"records":63,"forces":1},{"records":2,"forces":1},{"records":62,"forces":1},{"records":1,"forces":1},{"records":63,"forces":1}],"preparedMisses":0},"collectionWindowNanos":0,"sharedGameplayEpoch":false,"journalState":{"active":"dab1cbf3-c9f0-4553-875f-160ba370c7cf","checkpointGeneration":3,"activeFirst":3073,"preparedReady":true,"preallocated":true,"format":2,"durableSequence":3840,"activeRecords":768,"extentBytes":16781456,"checkpointThrough":3072},"sampleEndsAfterAll64DurableAcknowledgements":true,"checkpointWorkerConcurrentWithSamples":true,"finalCheckpointDrainMs":0.0045,"journalForcePer64UpdateSampleMs":{"p50":3.7214,"p99":7.876,"p95":3.8219}}
]]></system-out>
  <system-err><![CDATA[]]></system-err>
</testsuite>
