<?xml version="1.0" encoding="UTF-8"?>
<testsuite name="com.inigmasgames.hytalerpg.Stage07SafetyTest" tests="11" skipped="0" failures="0" errors="0" timestamp="2026-09-11T22:02:22.621Z" hostname="GRAHAM" time="0.363">
  <properties/>
  <testcase name="sweepUsesThreeDimensionalBoundsAndBothDirections()" classname="com.inigmasgames.hytalerpg.Stage07SafetyTest" time="0.001"/>
  <testcase name="global512CapIncludesOtherOwnersAndNeverEvictsTheirProjectiles()" classname="com.inigmasgames.hytalerpg.Stage07SafetyTest" time="0.281"/>
  <testcase name="spentRootBudgetDoesNotResetWhenDerivedChildrenEnd()" classname="com.inigmasgames.hytalerpg.Stage07SafetyTest" time="0.015"/>
  <testcase name="returnCatchClipsAtFirstHalfMeterIntersectionNotAtNearestPointAfterCaster()" classname="com.inigmasgames.hytalerpg.Stage07SafetyTest" time="0.0"/>
  <testcase name="hitLedgersRemainBoundedAndDisposedInstancesCannotAcceptContacts()" classname="com.inigmasgames.hytalerpg.Stage07SafetyTest" time="0.014"/>
  <testcase name="returnGetsOnlyItsOwnExplicitLifetimeAndClockContinuesWithoutResettingAncestorAge()" classname="com.inigmasgames.hytalerpg.Stage07SafetyTest" time="0.013"/>
  <testcase name="callbacksAndTicksShareOneMonotonicClockAcrossRedirects()" classname="com.inigmasgames.hytalerpg.Stage07SafetyTest" time="0.012"/>
  <testcase name="rangeClipsBeforeSweepSoPackedTargetsBeyondRemainingPathCannotHit()" classname="com.inigmasgames.hytalerpg.Stage07SafetyTest" time="0.001"/>
  <testcase name="promisedEchoSlotsCountAgainstOwnerCapacityBeforeAnySecondLaunch()" classname="com.inigmasgames.hytalerpg.Stage07SafetyTest" time="0.014"/>
  <testcase name="sweepFindsEveryCloselyPackedBodyInDistanceOrder()" classname="com.inigmasgames.hytalerpg.Stage07SafetyTest" time="0.001"/>
  <testcase name="terminatedChildCannotReuseItsIdentityWhileRootLivesAndGenerationFourIsRejected()" classname="com.inigmasgames.hytalerpg.Stage07SafetyTest" time="0.011"/>
  <system-out><![CDATA[]]></system-out>
  <system-err><![CDATA[]]></system-err>
</testsuite>
