<?xml version="1.0" encoding="UTF-8"?>
<testsuite name="com.inigmasgames.hytalerpg.Stage13IconUpdaterTest" tests="9" skipped="0" failures="0" errors="0" timestamp="2026-09-12T21:43:44.216Z" hostname="GRAHAM" time="13.778">
  <properties/>
  <testcase name="doubleClickWorkspaceDefaultsResolveInWindowsPowerShellWithoutCallerWorkingDirectory()" classname="com.inigmasgames.hytalerpg.Stage13IconUpdaterTest" time="0.517"/>
  <testcase name="typoAbortsEntireBatchBeforeValidImageIsInstalled()" classname="com.inigmasgames.hytalerpg.Stage13IconUpdaterTest" time="1.059"/>
  <testcase name="corruptBackupIsNeverUsedForUndo()" classname="com.inigmasgames.hytalerpg.Stage13IconUpdaterTest" time="2.43"/>
  <testcase name="oversizedHeaderIsRejectedBeforeImageDecodeAndNoJarMutation()" classname="com.inigmasgames.hytalerpg.Stage13IconUpdaterTest" time="0.956"/>
  <testcase name="undoRefusesChangedBuildAndPreservesIt()" classname="com.inigmasgames.hytalerpg.Stage13IconUpdaterTest" time="2.21"/>
  <testcase name="malformedPngAbortsWithoutChangingJar()" classname="com.inigmasgames.hytalerpg.Stage13IconUpdaterTest" time="0.942"/>
  <testcase name="repeatIsByteIdenticalAndUndoRestoresExactPriorJar()" classname="com.inigmasgames.hytalerpg.Stage13IconUpdaterTest" time="3.725"/>
  <testcase name="installsSkillAndPassivePngsOnlyAndChangesOnlyNativeIconField()" classname="com.inigmasgames.hytalerpg.Stage13IconUpdaterTest" time="1.462"/>
  <testcase name="dryRunWritesNeitherJarBackupNorLockAndMissingImagesKeepFallbacks()" classname="com.inigmasgames.hytalerpg.Stage13IconUpdaterTest" time="0.476"/>
  <system-out><![CDATA[]]></system-out>
  <system-err><![CDATA[]]></system-err>
</testsuite>
