<?xml version="1.0" encoding="UTF-8"?>
<testsuite name="com.inigmasgames.hytalerpg.execution.hytale.Stage10NativeMetadataTest" tests="1" skipped="0" failures="0" errors="0" timestamp="2026-09-12T21:44:04.270Z" hostname="GRAHAM" time="0.0">
  <properties/>
  <testcase name="copyingConversionMetadataCannotRearmCompletedRestoration()" classname="com.inigmasgames.hytalerpg.execution.hytale.Stage10NativeMetadataTest" time="0.0"/>
  <system-out><![CDATA[]]></system-out>
  <system-err><![CDATA[]]></system-err>
</testsuite>
