<?xml version="1.0" encoding="UTF-8"?>
<testsuite name="com.inigmasgames.hytalerpg.Stage13EncounterLoadOrderingTest" tests="3" skipped="0" failures="0" errors="0" timestamp="2026-09-12T21:43:42.227Z" hostname="GRAHAM" time="0.147">
  <properties/>
  <testcase name="queuedRoleMismatchExcludesWithoutAcquiringLaterUnrelatedReceipt()" classname="com.inigmasgames.hytalerpg.Stage13EncounterLoadOrderingTest" time="0.056"/>
  <testcase name="loadStillWaitsForEarlierAcceptedContributionAndRestoresItsWatermark()" classname="com.inigmasgames.hytalerpg.Stage13EncounterLoadOrderingTest" time="0.045"/>
  <testcase name="queuedLoadDoesNotAcquireLaterUnrelatedReceiptAsPredecessor()" classname="com.inigmasgames.hytalerpg.Stage13EncounterLoadOrderingTest" time="0.046"/>
  <system-out><![CDATA[]]></system-out>
  <system-err><![CDATA[]]></system-err>
</testsuite>
