<?xml version="1.0" encoding="UTF-8"?>
<testsuite name="com.inigmasgames.hytalerpg.Stage13DurabilityLoadTest" tests="1" skipped="0" failures="0" errors="0" timestamp="2026-09-12T22:05:55.091Z" hostname="GRAHAM" time="0.429">
  <properties/>
  <testcase name="fourActorSixteenVictimDurableContributionLoadIsMeasuredAndRestores()" classname="com.inigmasgames.hytalerpg.Stage13DurabilityLoadTest" time="0.429"/>
  <system-out><![CDATA[STAGE13_DURABILITY_LOAD {"scope":"REAL_FILE_ENCOUNTER_CONTRIBUTIONS_ONLY_NOT_NATIVE_TICK_PROOF","actors":4,"victims":16,"updatesPerSample":64,"samples":60,"p50Ms":4.4783,"p95Ms":8.1577,"p99Ms":17.286,"targetP95Ms":4,"targetP99Ms":8,"withinNominalRpgTickBudget":false,"connectedProof":false,"restoredContributorCounts":true,"nativePhysicsAiNetworkRenderingMeasured":false,"persistenceTimings":{"JOURNAL_APPEND":{"p95Ms":0.1799,"maxMs":0.2388,"retainedSamples":119,"p99Ms":0.211,"totalMs":9.5354,"count":119,"p50Ms":0.1035},"JOURNAL_FORCE":{"p95Ms":1.9183,"maxMs":3.4867,"retainedSamples":119,"p99Ms":1.9889,"totalMs":222.2647,"count":119,"p50Ms":1.8505},"CHECKPOINT_SERIALIZATION":{"p95Ms":2.4331,"maxMs":2.4331,"retainedSamples":3,"p99Ms":2.4331,"totalMs":5.7941,"count":3,"p50Ms":1.6905},"CHECKPOINT_WRITE":{"p95Ms":0.4131,"maxMs":0.4131,"retainedSamples":6,"p99Ms":0.4131,"totalMs":1.719,"count":6,"p50Ms":0.267},"CHECKPOINT_FORCE":{"p95Ms":4.0061,"maxMs":4.0061,"retainedSamples":9,"p99Ms":4.0061,"totalMs":22.8197,"count":9,"p50Ms":1.8865},"GROUP_WAIT":{"p95Ms":3.851,"maxMs":5.8717,"retainedSamples":3840,"p99Ms":5.611,"totalMs":8210.6383,"count":3840,"p50Ms":1.7919},"DURABLE_ACK":{"p95Ms":7.7775,"maxMs":13.691,"retainedSamples":3840,"p99Ms":12.9802,"totalMs":17824.885,"count":3840,"p50Ms":4.1237},"CHECKPOINT_QUEUE":{"p95Ms":0.9185,"maxMs":0.9185,"retainedSamples":3,"p99Ms":0.9185,"totalMs":1.0016,"count":3,"p50Ms":0.0419},"CHECKPOINT_SCHEDULING":{"p95Ms":0.7721,"maxMs":0.7721,"retainedSamples":3,"p99Ms":0.7721,"totalMs":0.8187,"count":3,"p50Ms":0.0248},"CHECKPOINT_ROTATION":{"p95Ms":0.034,"maxMs":0.034,"retainedSamples":3,"p99Ms":0.034,"totalMs":0.0517,"count":3,"p50Ms":0.0092},"CHECKPOINT_BACKPRESSURE":{"p95Ms":0.0201,"maxMs":0.0201,"retainedSamples":3,"p99Ms":0.0201,"totalMs":0.0277,"count":3,"p50Ms":0.004},"GROUP_CPU":{"p95Ms":0.0,"maxMs":15.625,"retainedSamples":119,"p99Ms":15.625,"totalMs":31.25,"count":119,"p50Ms":0.0},"GROUP_WALL":{"p95Ms":3.7,"maxMs":9.1371,"retainedSamples":119,"p99Ms":5.8402,"totalMs":278.6171,"count":119,"p50Ms":2.1202},"ENCODE_VALIDATE":{"p95Ms":0.3186,"maxMs":5.2649,"retainedSamples":119,"p99Ms":0.5787,"totalMs":16.2371,"count":119,"p50Ms":0.0644},"FOREGROUND_BARRIER_WAIT":{"p95Ms":1.7824,"maxMs":3.9279,"retainedSamples":119,"p99Ms":3.7418,"totalMs":22.325,"count":119,"p50Ms":0.0032},"MAINTENANCE_BARRIER_WAIT":{"p95Ms":7.1105,"maxMs":7.1105,"retainedSamples":9,"p99Ms":7.1105,"totalMs":40.0041,"count":9,"p50Ms":4.2442},"SUCCESSOR_PREPARATION":{"p95Ms":5.2353,"maxMs":5.2353,"retainedSamples":3,"p99Ms":5.2353,"totalMs":15.5668,"count":3,"p50Ms":5.2085},"SUCCESSOR_ACTIVATION":{"p95Ms":0.0814,"maxMs":0.0814,"retainedSamples":3,"p99Ms":0.0814,"totalMs":0.1923,"count":3,"p50Ms":0.0625},"PREPARED_WAIT":{"p95Ms":0.0014,"maxMs":0.0014,"retainedSamples":3,"p99Ms":0.0014,"totalMs":0.0032,"count":3,"p50Ms":0.001},"FORCE_TO_COMPLETION":{"p95Ms":0.4293,"maxMs":1.1879,"retainedSamples":3840,"p99Ms":0.6429,"totalMs":724.4987,"count":3840,"p50Ms":0.1637},"PRECOMMIT_VALIDATION":{"p95Ms":0.0245,"maxMs":1.5006,"retainedSamples":119,"p99Ms":0.0494,"totalMs":2.5475,"count":119,"p50Ms":0.0102},"SEALED_OPERATION_TO_FORCE":{"p95Ms":7.5742,"maxMs":13.5952,"retainedSamples":3840,"p99Ms":12.3076,"totalMs":17119.0505,"count":3840,"p50Ms":3.9782}},"grouping":{"maxPendingOperations":64,"recordsPerGroup":{"1":43,"2":15,"3":1,"61":1,"62":15,"63":43,"64":1},"admissionRejections":0,"maxPendingRecords":64,"maxCheckpointBacklog":1,"bytesPerGroup":{"130":43,"260":15,"390":1,"7930":1,"8060":15,"8190":43,"8320":1}},"forcesPerSample":[1,2,2,2,2,2,2,2,2,2,2,2,2,2,2,2,2,2,2,2,2,2,2,2,2,2,2,2,2,2,2,2,2,2,2,2,2,2,2,2,2,2,2,2,2,2,2,2,2,2,2,2,2,2,2,2,2,2,2,2],"orderedSamplesMs":[17.286,5.4786,5.5051,5.4159,5.071,4.7395,4.6343,4.6189,4.6079,4.489,4.2583,4.3374,4.2991,4.6991,4.4326,4.5201,6.3053,6.6173,6.1965,8.1953,4.4602,4.583,4.4217,4.2816,4.4232,4.452,4.3502,4.4783,4.3975,4.4695,4.2869,4.4099,5.2139,6.2818,6.4871,8.1577,4.5356,4.3959,4.436,4.445,4.4501,4.5639,4.419,4.4822,4.3634,4.4799,4.3649,4.444,4.9488,6.5399,6.6782,8.3107,4.3962,4.2436,6.0638,4.261,4.4474,4.3036,4.1984,4.1639],"barriers":{"forceEvents":[{"writerSuspended":false,"queuedOperations":64,"kind":"FOREGROUND"},{"writerSuspended":false,"queuedOperations":3,"kind":"FOREGROUND"},{"writerSuspended":false,"queuedOperations":63,"kind":"FOREGROUND"},{"writerSuspended":false,"queuedOperations":2,"kind":"FOREGROUND"},{"writerSuspended":false,"queuedOperations":63,"kind":"FOREGROUND"},{"writerSuspended":false,"queuedOperations":6,"kind":"FOREGROUND"},{"writerSuspended":false,"queuedOperations":63,"kind":"FOREGROUND"},{"writerSuspended":false,"queuedOperations":9,"kind":"FOREGROUND"},{"writerSuspended":false,"queuedOperations":63,"kind":"FOREGROUND"},{"writerSuspended":false,"queuedOperations":4,"kind":"FOREGROUND"},{"writerSuspended":false,"queuedOperations":63,"kind":"FOREGROUND"},{"writerSuspended":false,"queuedOperations":1,"kind":"FOREGROUND"},{"writerSuspended":false,"queuedOperations":63,"kind":"FOREGROUND"},{"writerSuspended":false,"queuedOperations":19,"kind":"FOREGROUND"},{"writerSuspended":false,"queuedOperations":63,"kind":"FOREGROUND"},{"writerSuspended":false,"queuedOperations":2,"kind":"FOREGROUND"},{"writerSuspended":false,"queuedOperations":63,"kind":"FOREGROUND"},{"writerSuspended":false,"queuedOperations":8,"kind":"FOREGROUND"},{"writerSuspended":false,"queuedOperations":62,"kind":"FOREGROUND"},{"writerSuspended":false,"queuedOperations":5,"kind":"FOREGROUND"},{"writerSuspended":false,"queuedOperations":63,"kind":"FOREGROUND"},{"writerSuspended":false,"queuedOperations":5,"kind":"FOREGROUND"},{"writerSuspended":false,"queuedOperations":63,"kind":"FOREGROUND"},{"writerSuspended":false,"queuedOperations":7,"kind":"FOREGROUND"},{"writerSuspended":false,"queuedOperations":63,"kind":"FOREGROUND"},{"writerSuspended":false,"queuedOperations":9,"kind":"FOREGROUND"},{"writerSuspended":false,"queuedOperations":63,"kind":"FOREGROUND"},{"writerSuspended":false,"queuedOperations":6,"kind":"FOREGROUND"},{"writerSuspended":false,"queuedOperations":62,"kind":"FOREGROUND"},{"writerSuspended":false,"queuedOperations":4,"kind":"FOREGROUND"},{"writerSuspended":false,"queuedOperations":63,"kind":"FOREGROUND"},{"writerSuspended":false,"queuedOperations":64,"kind":"FOREGROUND"},{"writerSuspended":false,"queuedOperations":63,"kind":"FOREGROUND"},{"writerSuspended":false,"queuedOperations":0,"kind":"PREPARATION"},{"writerSuspended":false,"queuedOperations":64,"kind":"FOREGROUND"},{"writerSuspended":false,"queuedOperations":63,"kind":"FOREGROUND"},{"writerSuspended":false,"queuedOperations":0,"kind":"BUNDLE"},{"writerSuspended":false,"queuedOperations":64,"kind":"FOREGROUND"},{"writerSuspended":false,"queuedOperations":62,"kind":"FOREGROUND"},{"writerSuspended":false,"queuedOperations":0,"kind":"MANIFEST"},{"writerSuspended":false,"queuedOperations":64,"kind":"FOREGROUND"},{"writerSuspended":false,"queuedOperations":63,"kind":"FOREGROUND"},{"writerSuspended":false,"queuedOperations":9,"kind":"FOREGROUND"},{"writerSuspended":false,"queuedOperations":63,"kind":"FOREGROUND"},{"writerSuspended":false,"queuedOperations":3,"kind":"FOREGROUND"},{"writerSuspended":false,"queuedOperations":63,"kind":"FOREGROUND"},{"writerSuspended":false,"queuedOperations":4,"kind":"FOREGROUND"},{"writerSuspended":false,"queuedOperations":63,"kind":"FOREGROUND"},{"writerSuspended":false,"queuedOperations":6,"kind":"FOREGROUND"},{"writerSuspended":false,"queuedOperations":63,"kind":"FOREGROUND"},{"writerSuspended":false,"queuedOperations":7,"kind":"FOREGROUND"},{"writerSuspended":false,"queuedOperations":62,"kind":"FOREGROUND"},{"writerSuspended":false,"queuedOperations":5,"kind":"FOREGROUND"},{"writerSuspended":false,"queuedOperations":63,"kind":"FOREGROUND"},{"writerSuspended":false,"queuedOperations":5,"kind":"FOREGROUND"},{"writerSuspended":false,"queuedOperations":63,"kind":"FOREGROUND"},{"writerSuspended":false,"queuedOperations":7,"kind":"FOREGROUND"},{"writerSuspended":false,"queuedOperations":62,"kind":"FOREGROUND"},{"writerSuspended":false,"queuedOperations":6,"kind":"FOREGROUND"},{"writerSuspended":false,"queuedOperations":63,"kind":"FOREGROUND"},{"writerSuspended":false,"queuedOperations":11,"kind":"FOREGROUND"},{"writerSuspended":false,"queuedOperations":62,"kind":"FOREGROUND"},{"writerSuspended":false,"queuedOperations":4,"kind":"FOREGROUND"},{"writerSuspended":false,"queuedOperations":63,"kind":"FOREGROUND"},{"writerSuspended":false,"queuedOperations":4,"kind":"FOREGROUND"},{"writerSuspended":false,"queuedOperations":63,"kind":"FOREGROUND"},{"writerSuspended":false,"queuedOperations":39,"kind":"FOREGROUND"},{"writerSuspended":false,"queuedOperations":63,"kind":"FOREGROUND"},{"writerSuspended":false,"queuedOperations":0,"kind":"PREPARATION"},{"writerSuspended":false,"queuedOperations":64,"kind":"FOREGROUND"},{"writerSuspended":false,"queuedOperations":61,"kind":"FOREGROUND"},{"writerSuspended":false,"queuedOperations":0,"kind":"BUNDLE"},{"writerSuspended":false,"queuedOperations":64,"kind":"FOREGROUND"},{"writerSuspended":false,"queuedOperations":62,"kind":"FOREGROUND"},{"writerSuspended":false,"queuedOperations":0,"kind":"MANIFEST"},{"writerSuspended":false,"queuedOperations":64,"kind":"FOREGROUND"},{"writerSuspended":false,"queuedOperations":63,"kind":"FOREGROUND"},{"writerSuspended":false,"queuedOperations":6,"kind":"FOREGROUND"},{"writerSuspended":false,"queuedOperations":63,"kind":"FOREGROUND"},{"writerSuspended":false,"queuedOperations":5,"kind":"FOREGROUND"},{"writerSuspended":false,"queuedOperations":63,"kind":"FOREGROUND"},{"writerSuspended":false,"queuedOperations":4,"kind":"FOREGROUND"},{"writerSuspended":false,"queuedOperations":63,"kind":"FOREGROUND"},{"writerSuspended":false,"queuedOperations":4,"kind":"FOREGROUND"},{"writerSuspended":false,"queuedOperations":63,"kind":"FOREGROUND"},{"writerSuspended":false,"queuedOperations":2,"kind":"FOREGROUND"},{"writerSuspended":false,"queuedOperations":63,"kind":"FOREGROUND"},{"writerSuspended":false,"queuedOperations":8,"kind":"FOREGROUND"},{"writerSuspended":false,"queuedOperations":63,"kind":"FOREGROUND"},{"writerSuspended":false,"queuedOperations":6,"kind":"FOREGROUND"},{"writerSuspended":false,"queuedOperations":63,"kind":"FOREGROUND"},{"writerSuspended":false,"queuedOperations":7,"kind":"FOREGROUND"},{"writerSuspended":false,"queuedOperations":63,"kind":"FOREGROUND"},{"writerSuspended":false,"queuedOperations":10,"kind":"FOREGROUND"},{"writerSuspended":false,"queuedOperations":62,"kind":"FOREGROUND"},{"writerSuspended":false,"queuedOperations":13,"kind":"FOREGROUND"},{"writerSuspended":false,"queuedOperations":62,"kind":"FOREGROUND"},{"writerSuspended":false,"queuedOperations":11,"kind":"FOREGROUND"},{"writerSuspended":false,"queuedOperations":62,"kind":"FOREGROUND"},{"writerSuspended":false,"queuedOperations":6,"kind":"FOREGROUND"},{"writerSuspended":false,"queuedOperations":62,"kind":"FOREGROUND"},{"writerSuspended":false,"queuedOperations":61,"kind":"FOREGROUND"},{"writerSuspended":false,"queuedOperations":62,"kind":"FOREGROUND"},{"writerSuspended":false,"queuedOperations":0,"kind":"PREPARATION"},{"writerSuspended":false,"queuedOperations":64,"kind":"FOREGROUND"},{"writerSuspended":false,"queuedOperations":62,"kind":"FOREGROUND"},{"writerSuspended":false,"queuedOperations":0,"kind":"BUNDLE"},{"writerSuspended":false,"queuedOperations":64,"kind":"FOREGROUND"},{"writerSuspended":false,"queuedOperations":63,"kind":"FOREGROUND"},{"writerSuspended":false,"queuedOperations":0,"kind":"MANIFEST"},{"writerSuspended":false,"queuedOperations":64,"kind":"FOREGROUND"},{"writerSuspended":false,"queuedOperations":62,"kind":"FOREGROUND"},{"writerSuspended":false,"queuedOperations":21,"kind":"FOREGROUND"},{"writerSuspended":false,"queuedOperations":63,"kind":"FOREGROUND"},{"writerSuspended":false,"queuedOperations":5,"kind":"FOREGROUND"},{"writerSuspended":false,"queuedOperations":63,"kind":"FOREGROUND"},{"writerSuspended":false,"queuedOperations":5,"kind":"FOREGROUND"},{"writerSuspended":false,"queuedOperations":63,"kind":"FOREGROUND"},{"writerSuspended":false,"queuedOperations":8,"kind":"FOREGROUND"},{"writerSuspended":false,"queuedOperations":63,"kind":"FOREGROUND"},{"writerSuspended":false,"queuedOperations":8,"kind":"FOREGROUND"},{"writerSuspended":false,"queuedOperations":62,"kind":"FOREGROUND"},{"writerSuspended":false,"queuedOperations":6,"kind":"FOREGROUND"},{"writerSuspended":false,"queuedOperations":63,"kind":"FOREGROUND"},{"writerSuspended":false,"queuedOperations":6,"kind":"FOREGROUND"},{"writerSuspended":false,"queuedOperations":63,"kind":"FOREGROUND"},{"writerSuspended":false,"queuedOperations":4,"kind":"FOREGROUND"},{"writerSuspended":false,"queuedOperations":63,"kind":"FOREGROUND"}],"overlapAttempts":18,"forcesByClass":{"FOREGROUND":119,"PREPARATION":3,"BUNDLE":3,"MANIFEST":3}},"version2":{"bundleCount":3,"sealedOperationSizes":{"1":3840},"bundleBytes":43332,"preparedMisses":0,"dequeuedCommitBatches":[{"records":64,"forces":1},{"records":1,"forces":1},{"records":63,"forces":1},{"records":1,"forces":1},{"records":63,"forces":1},{"records":1,"forces":1},{"records":63,"forces":1},{"records":1,"forces":1},{"records":63,"forces":1},{"records":1,"forces":1},{"records":63,"forces":1},{"records":1,"forces":1},{"records":63,"forces":1},{"records":1,"forces":1},{"records":63,"forces":1},{"records":1,"forces":1},{"records":63,"forces":1},{"records":2,"forces":1},{"records":62,"forces":1},{"records":1,"forces":1},{"records":63,"forces":1},{"records":1,"forces":1},{"records":63,"forces":1},{"records":1,"forces":1},{"records":63,"forces":1},{"records":1,"forces":1},{"records":63,"forces":1},{"records":2,"forces":1},{"records":62,"forces":1},{"records":1,"forces":1},{"records":63,"forces":1},{"records":1,"forces":1},{"records":63,"forces":1},{"records":1,"forces":1},{"records":63,"forces":1},{"records":2,"forces":1},{"records":62,"forces":1},{"records":1,"forces":1},{"records":63,"forces":1},{"records":1,"forces":1},{"records":63,"forces":1},{"records":1,"forces":1},{"records":63,"forces":1},{"records":1,"forces":1},{"records":63,"forces":1},{"records":1,"forces":1},{"records":63,"forces":1},{"records":2,"forces":1},{"records":62,"forces":1},{"records":1,"forces":1},{"records":63,"forces":1},{"records":1,"forces":1},{"records":63,"forces":1},{"records":2,"forces":1},{"records":62,"forces":1},{"records":1,"forces":1},{"records":63,"forces":1},{"records":2,"forces":1},{"records":62,"forces":1},{"records":1,"forces":1},{"records":63,"forces":1},{"records":1,"forces":1},{"records":63,"forces":1},{"records":1,"forces":1},{"records":63,"forces":1},{"records":3,"forces":1},{"records":61,"forces":1},{"records":2,"forces":1},{"records":62,"forces":1},{"records":1,"forces":1},{"records":63,"forces":1},{"records":1,"forces":1},{"records":63,"forces":1},{"records":1,"forces":1},{"records":63,"forces":1},{"records":1,"forces":1},{"records":63,"forces":1},{"records":1,"forces":1},{"records":63,"forces":1},{"records":1,"forces":1},{"records":63,"forces":1},{"records":1,"forces":1},{"records":63,"forces":1},{"records":1,"forces":1},{"records":63,"forces":1},{"records":1,"forces":1},{"records":63,"forces":1},{"records":2,"forces":1},{"records":62,"forces":1},{"records":2,"forces":1},{"records":62,"forces":1},{"records":2,"forces":1},{"records":62,"forces":1},{"records":2,"forces":1},{"records":62,"forces":1},{"records":2,"forces":1},{"records":62,"forces":1},{"records":2,"forces":1},{"records":62,"forces":1},{"records":1,"forces":1},{"records":63,"forces":1},{"records":2,"forces":1},{"records":62,"forces":1},{"records":1,"forces":1},{"records":63,"forces":1},{"records":1,"forces":1},{"records":63,"forces":1},{"records":1,"forces":1},{"records":63,"forces":1},{"records":1,"forces":1},{"records":63,"forces":1},{"records":2,"forces":1},{"records":62,"forces":1},{"records":1,"forces":1},{"records":63,"forces":1},{"records":1,"forces":1},{"records":63,"forces":1},{"records":1,"forces":1},{"records":63,"forces":1}]},"collectionWindowNanos":0,"sharedGameplayEpoch":false,"journalState":{"preallocated":true,"preparedReady":true,"activeFirst":3073,"checkpointGeneration":3,"active":"0353439e-6e20-4f25-9f68-b3a48b65da00","checkpointThrough":3072,"extentBytes":16781456,"activeRecords":768,"durableSequence":3840,"format":2},"sampleEndsAfterAll64DurableAcknowledgements":true,"checkpointWorkerConcurrentWithSamples":true,"finalCheckpointDrainMs":0.008,"journalForcePer64UpdateSampleMs":{"p99":5.4756,"p50":3.6992,"p95":3.7767}}
]]></system-out>
  <system-err><![CDATA[]]></system-err>
</testsuite>
