<?xml version="1.0" encoding="UTF-8"?>
<testsuite name="com.inigmasgames.hytalerpg.Stage13V2GroupedRewardTest" tests="5" skipped="0" failures="0" errors="0" timestamp="2026-09-12T22:06:24.317Z" hostname="GRAHAM" time="1.248">
  <properties/>
  <testcase name="[1] AFTER_FREEZE" classname="com.inigmasgames.hytalerpg.Stage13V2GroupedRewardTest" time="0.296"/>
  <testcase name="[2] AFTER_AWARD" classname="com.inigmasgames.hytalerpg.Stage13V2GroupedRewardTest" time="0.245"/>
  <testcase name="[3] AFTER_CURSOR" classname="com.inigmasgames.hytalerpg.Stage13V2GroupedRewardTest" time="0.234"/>
  <testcase name="[4] AFTER_COMPLETION" classname="com.inigmasgames.hytalerpg.Stage13V2GroupedRewardTest" time="0.238"/>
  <testcase name="[5] AFTER_CLEANUP" classname="com.inigmasgames.hytalerpg.Stage13V2GroupedRewardTest" time="0.235"/>
  <system-out><![CDATA[]]></system-out>
  <system-err><![CDATA[]]></system-err>
</testsuite>
