<?xml version="1.0" encoding="UTF-8"?>
<testsuite name="com.inigmasgames.hytalerpg.Stage13PlayerReadIsolationTest" tests="4" skipped="0" failures="0" errors="0" timestamp="2026-09-12T22:06:21.728Z" hostname="GRAHAM" time="0.161">
  <properties/>
  <testcase name="actualHotGettersContinueWhilePlayerWriterHoldsRepositoryAndHolder()" classname="com.inigmasgames.hytalerpg.Stage13PlayerReadIsolationTest" time="0.006"/>
  <testcase name="nativeChildBindingAndMasteryCaptureDoNotWaitForRealEarnedAwardRepositorySave()" classname="com.inigmasgames.hytalerpg.Stage13PlayerReadIsolationTest" time="0.145"/>
  <testcase name="failedWriteCannotUseCachedProgressionAsAuthority()" classname="com.inigmasgames.hytalerpg.Stage13PlayerReadIsolationTest" time="0.006"/>
  <testcase name="publishedViewCannotBeMutatedByItsConsumer()" classname="com.inigmasgames.hytalerpg.Stage13PlayerReadIsolationTest" time="0.004"/>
  <system-out><![CDATA[]]></system-out>
  <system-err><![CDATA[]]></system-err>
</testsuite>
