<?xml version="1.0" encoding="UTF-8"?>
<testsuite name="com.inigmasgames.hytalerpg.Stage13PresentationAHTest" tests="3" skipped="0" failures="0" errors="0" timestamp="2026-09-13T02:29:20.232Z" hostname="GRAHAM" time="0.017">
  <properties/>
  <testcase name="carrierHasExplicitExistingNativeTextureNotTheFailedInferredEmptyPng()" classname="com.inigmasgames.hytalerpg.Stage13PresentationAHTest" time="0.007"/>
  <testcase name="allStaffAttachmentsAreFiniteCosmeticChannelEffectsAndNoPermanentBronzeParticles()" classname="com.inigmasgames.hytalerpg.Stage13PresentationAHTest" time="0.008"/>
  <testcase name="executionParticipatesInNativeStatModificationOrdering()" classname="com.inigmasgames.hytalerpg.Stage13PresentationAHTest" time="0.002"/>
  <system-out><![CDATA[]]></system-out>
  <system-err><![CDATA[]]></system-err>
</testsuite>
