<?xml version="1.0" encoding="UTF-8"?>
<testsuite name="com.inigmasgames.hytalerpg.execution.hytale.HealingChannelObserverTest" tests="3" skipped="0" failures="0" errors="0" timestamp="2026-09-13T02:29:25.800Z" hostname="GRAHAM" time="0.003">
  <properties/>
  <testcase name="observerHasBoundedWindowAndNoTargetRequirement()" classname="com.inigmasgames.hytalerpg.execution.hytale.HealingChannelObserverTest" time="0.0"/>
  <testcase name="onlyArmedOwnerChannelIsObserved()" classname="com.inigmasgames.hytalerpg.execution.hytale.HealingChannelObserverTest" time="0.003"/>
  <testcase name="stoppedAndClosedObserversCannotCaptureLaterFrames()" classname="com.inigmasgames.hytalerpg.execution.hytale.HealingChannelObserverTest" time="0.0"/>
  <system-out><![CDATA[]]></system-out>
  <system-err><![CDATA[]]></system-err>
</testsuite>
