<?xml version="1.0" encoding="UTF-8"?>
<testsuite name="com.inigmasgames.hytalerpg.diagnostics.Stage13BoundedTraceTest" tests="8" skipped="0" failures="0" errors="0" timestamp="2026-09-13T02:29:24.826Z" hostname="GRAHAM" time="0.162">
  <properties/>
  <testcase name="stalledDiskCannotCreateAnUnboundedQueueOrRunIoOnTheProducer()" classname="com.inigmasgames.hytalerpg.diagnostics.Stage13BoundedTraceTest" time="0.016"/>
  <testcase name="serializationSafetyLimitIsExplicitAndTheNextRecordCarriesAGap()" classname="com.inigmasgames.hytalerpg.diagnostics.Stage13BoundedTraceTest" time="0.011"/>
  <testcase name="fileFailureIsCountedAndCannotThrowIntoGameplay()" classname="com.inigmasgames.hytalerpg.diagnostics.Stage13BoundedTraceTest" time="0.004"/>
  <testcase name="closedWriterRejectsInsteadOfSilentlyAcceptingUndrainableTasks()" classname="com.inigmasgames.hytalerpg.diagnostics.Stage13BoundedTraceTest" time="0.002"/>
  <testcase name="orderedAcceptedRecordsRetainAllCorrelationFields()" classname="com.inigmasgames.hytalerpg.diagnostics.Stage13BoundedTraceTest" time="0.006"/>
  <testcase name="invalidConfigurationCannotCreateUnboundedBudgets()" classname="com.inigmasgames.hytalerpg.diagnostics.Stage13BoundedTraceTest" time="0.003"/>
  <testcase name="rotationPreservesEveryWholeLineInOrderAndRetainsAllArchives()" classname="com.inigmasgames.hytalerpg.diagnostics.Stage13BoundedTraceTest" time="0.085"/>
  <testcase name="oneLegalEventMayExceedSegmentThresholdWithoutBeingSplit()" classname="com.inigmasgames.hytalerpg.diagnostics.Stage13BoundedTraceTest" time="0.034"/>
  <system-out><![CDATA[]]></system-out>
  <system-err><![CDATA[]]></system-err>
</testsuite>
