<?xml version="1.0" encoding="UTF-8"?>
<testsuite name="com.inigmasgames.hytalerpg.R016CorrectionTest" tests="6" skipped="0" failures="0" errors="0" timestamp="2026-09-13T02:28:28.811Z" hostname="GRAHAM" time="0.082">
  <properties/>
  <testcase name="catalogProjectionSupportsTabsSearchWeaponFiltersDetailsAndPlaceholderIcon()" classname="com.inigmasgames.hytalerpg.R016CorrectionTest" time="0.038"/>
  <testcase name="normalUiLoggerContainsActualValuesAndSuppressesRoutineHudInfo()" classname="com.inigmasgames.hytalerpg.R016CorrectionTest" time="0.022"/>
  <testcase name="staticAssignmentsProduceAuthoritativeEdgesAndCompatibilityFailureRollsBackAtomically()" classname="com.inigmasgames.hytalerpg.R016CorrectionTest" time="0.012"/>
  <testcase name="r021KeepsContinuousXpWithNoRpgResourceOrAbilityControls()" classname="com.inigmasgames.hytalerpg.R016CorrectionTest" time="0.003"/>
  <testcase name="staticTopologyIsExactlyTheOwnerSuppliedThreeBranchAdjacency()" classname="com.inigmasgames.hytalerpg.R016CorrectionTest" time="0.002"/>
  <testcase name="installedNativeHudExposesAbilitiesComponentAndAbilitySlotsProjectionApi()" classname="com.inigmasgames.hytalerpg.R016CorrectionTest" time="0.004"/>
  <system-out><![CDATA[]]></system-out>
  <system-err><![CDATA[Sep 12, 2026 10:28:28 PM com.inigmasgames.hytalerpg.ui.trace.RpgUiTraceService trace
INFO: RPG_UI_TRACE revision=R032 event=SKILLTREE_TEST player=c22235fd-8285-4300-85cb-f0080a5073ee correlation=corr-16 result=PASS jsonl=C:\Users\Zemio\AppData\Local\Temp\junit-10989615776724072766\ui-trace.jsonl consoleRateLimited=true
]]></system-err>
</testsuite>
