<?xml version="1.0" encoding="UTF-8"?>
<testsuite name="com.inigmasgames.hytalerpg.Stage13HealingVisibleAnchorANTest" tests="2" skipped="0" failures="0" errors="0" timestamp="2026-09-13T02:29:02.846Z" hostname="GRAHAM" time="0.01">
  <properties/>
  <testcase name="amAssetsAndSplineRemainByteIdenticalToDeployedAm()" classname="com.inigmasgames.hytalerpg.Stage13HealingVisibleAnchorANTest" time="0.002"/>
  <testcase name="proofUsesShippedRenderableModelAndExactExistingBlipAttachment()" classname="com.inigmasgames.hytalerpg.Stage13HealingVisibleAnchorANTest" time="0.008"/>
  <system-out><![CDATA[]]></system-out>
  <system-err><![CDATA[]]></system-err>
</testsuite>
