<?xml version="1.0" encoding="UTF-8"?>
<testsuite name="com.inigmasgames.hytalerpg.CompilerAndTransactionTest" tests="6" skipped="0" failures="0" errors="0" timestamp="2026-09-12T21:08:50.778Z" hostname="GRAHAM" time="0.231">
  <properties/>
  <testcase name="persistenceFailureLeavesCachedStateUnchangedAndTraceFailureIsNonAuthoritative()" classname="com.inigmasgames.hytalerpg.CompilerAndTransactionTest" time="0.165"/>
  <testcase name="unknownUnlinkedContentProducesExplicitDegradedPlanWithoutCrash()" classname="com.inigmasgames.hytalerpg.CompilerAndTransactionTest" time="0.01"/>
  <testcase name="compilerIsIdempotentAndOrderingDoesNotFollowInsertionOrder()" classname="com.inigmasgames.hytalerpg.CompilerAndTransactionTest" time="0.021"/>
  <testcase name="requiredFireBoltForkSequenceCompilesCanonicalChildren()" classname="com.inigmasgames.hytalerpg.CompilerAndTransactionTest" time="0.009"/>
  <testcase name="equipAndUnequipFlowUsesOneTransactionalAuthority()" classname="com.inigmasgames.hytalerpg.CompilerAndTransactionTest" time="0.011"/>
  <testcase name="failedRelinkRollsBackExistingValidFireBoltRouteAndTracesRejection()" classname="com.inigmasgames.hytalerpg.CompilerAndTransactionTest" time="0.014"/>
  <system-out><![CDATA[]]></system-out>
  <system-err><![CDATA[]]></system-err>
</testsuite>
