<?xml version="1.0" encoding="UTF-8"?>
<testsuite name="com.inigmasgames.hytalerpg.Stage13GroupedRewardTest" tests="5" skipped="0" failures="0" errors="0" timestamp="2026-09-12T18:34:00.099Z" hostname="GRAHAM" time="0.499">
  <properties/>
  <testcase name="[1] AFTER_FREEZE" classname="com.inigmasgames.hytalerpg.Stage13GroupedRewardTest" time="0.101"/>
  <testcase name="[2] AFTER_AWARD" classname="com.inigmasgames.hytalerpg.Stage13GroupedRewardTest" time="0.103"/>
  <testcase name="[3] AFTER_CURSOR" classname="com.inigmasgames.hytalerpg.Stage13GroupedRewardTest" time="0.101"/>
  <testcase name="[4] AFTER_COMPLETION" classname="com.inigmasgames.hytalerpg.Stage13GroupedRewardTest" time="0.096"/>
  <testcase name="[5] AFTER_CLEANUP" classname="com.inigmasgames.hytalerpg.Stage13GroupedRewardTest" time="0.096"/>
  <system-out><![CDATA[]]></system-out>
  <system-err><![CDATA[]]></system-err>
</testsuite>
