<?xml version="1.0" encoding="UTF-8"?>
<testsuite name="com.inigmasgames.hytalerpg.ui.hud.R020HudCorrectionTest" tests="6" skipped="0" failures="0" errors="0" timestamp="2026-09-12T18:34:47.342Z" hostname="GRAHAM" time="0.034">
  <properties/>
  <testcase name="requiredPortableAssetsExistAndEveryRpgResourceAssetIsRetired()" classname="com.inigmasgames.hytalerpg.ui.hud.R020HudCorrectionTest" time="0.001"/>
  <testcase name="experienceUsesOwnerAssetsAtAuthoritativeDimensionsAndExactCenteredLayerGeometry()" classname="com.inigmasgames.hytalerpg.ui.hud.R020HudCorrectionTest" time="0.009"/>
  <testcase name="customHudContainsNoRpgOwnedAbilityCellsOrArtwork()" classname="com.inigmasgames.hytalerpg.ui.hud.R020HudCorrectionTest" time="0.0"/>
  <testcase name="vanillaHytaleExclusivelyOwnsAllResourceBarPresentation()" classname="com.inigmasgames.hytalerpg.ui.hud.R020HudCorrectionTest" time="0.022"/>
  <testcase name="experienceFillUsesNewBackgroundUsableWidthAtEveryBoundaryFixture()" classname="com.inigmasgames.hytalerpg.ui.hud.R020HudCorrectionTest" time="0.001"/>
  <testcase name="traceDescribesVanillaResourceOwnershipWithoutPollingResourcePresentation()" classname="com.inigmasgames.hytalerpg.ui.hud.R020HudCorrectionTest" time="0.0"/>
  <system-out><![CDATA[]]></system-out>
  <system-err><![CDATA[]]></system-err>
</testsuite>
