<?xml version="1.0" encoding="UTF-8"?>
<testsuite name="com.inigmasgames.hytalerpg.Stage12NativeBiomeAssetTest" tests="8" skipped="0" failures="0" errors="0" timestamp="2026-09-12T21:44:42.734Z" hostname="GRAHAM" time="0.428">
  <properties/>
  <testcase name="nonLegacyGeneratorCannotInheritBiomeIdentity()" classname="com.inigmasgames.hytalerpg.Stage12NativeBiomeAssetTest" time="0.003"/>
  <testcase name="installedDamageSupportsTransientRootContextWithIdentityValidation()" classname="com.inigmasgames.hytalerpg.Stage12NativeBiomeAssetTest" time="0.276"/>
  <testcase name="exactInstalledAssetsMatchRegistryPins()" classname="com.inigmasgames.hytalerpg.Stage12NativeBiomeAssetTest" time="0.092"/>
  <testcase name="actualNamedWorldgenCodecDoesNotPretendToBeDefault()" classname="com.inigmasgames.hytalerpg.Stage12NativeBiomeAssetTest" time="0.002"/>
  <testcase name="installedFileContextLoaderResolvesAllFourQualifiedPilotBiomes()" classname="com.inigmasgames.hytalerpg.Stage12NativeBiomeAssetTest" time="0.052"/>
  <testcase name="actualDefaultWorldgenCodecIdentifiesDefaultWithoutFolderGuess()" classname="com.inigmasgames.hytalerpg.Stage12NativeBiomeAssetTest" time="0.0"/>
  <testcase name="customNativeWorldgenPathRequiresOwnAssetAudit()" classname="com.inigmasgames.hytalerpg.Stage12NativeBiomeAssetTest" time="0.0"/>
  <testcase name="nativeWorldSpawnRequiresFreshSpawnAndBothInitializedProvenanceFields()" classname="com.inigmasgames.hytalerpg.Stage12NativeBiomeAssetTest" time="0.001"/>
  <system-out><![CDATA[]]></system-out>
  <system-err><![CDATA[]]></system-err>
</testsuite>
